ARM GAS  C:\Users\User\AppData\Local\Temp\ccu5rXtj.s 			page 1


   1              		.cpu cortex-m3
   2              		.eabi_attribute 20, 1
   3              		.eabi_attribute 21, 1
   4              		.eabi_attribute 23, 3
   5              		.eabi_attribute 24, 1
   6              		.eabi_attribute 25, 1
   7              		.eabi_attribute 26, 1
   8              		.eabi_attribute 30, 1
   9              		.eabi_attribute 34, 1
  10              		.eabi_attribute 18, 4
  11              		.file	"controllerSleep.c"
  12              		.text
  13              	.Ltext0:
  14              		.cfi_sections	.debug_frame
  15              		.section	.text.setAlarm,"ax",%progbits
  16              		.align	1
  17              		.global	setAlarm
  18              		.arch armv7-m
  19              		.syntax unified
  20              		.thumb
  21              		.thumb_func
  22              		.fpu softvfp
  24              	setAlarm:
  25              	.LVL0:
  26              	.LFB68:
  27              		.file 1 "Src/controllerSleep.c"
   1:Src/controllerSleep.c **** #include "controllerSleep.h"
   2:Src/controllerSleep.c **** 
   3:Src/controllerSleep.c **** void setAlarm(RTC_HandleTypeDef *hrtc, RTC_TimeTypeDef *realTime) {
  28              		.loc 1 3 67 view -0
  29              		.cfi_startproc
  30              		@ args = 0, pretend = 0, frame = 8
  31              		@ frame_needed = 0, uses_anonymous_args = 0
  32              		.loc 1 3 67 is_stmt 0 view .LVU1
  33 0000 00B5     		push	{lr}
  34              	.LCFI0:
  35              		.cfi_def_cfa_offset 4
  36              		.cfi_offset 14, -4
  37 0002 83B0     		sub	sp, sp, #12
  38              	.LCFI1:
  39              		.cfi_def_cfa_offset 16
   4:Src/controllerSleep.c ****     RTC_AlarmTypeDef myAlarm = {0};
  40              		.loc 1 4 5 is_stmt 1 view .LVU2
  41              		.loc 1 4 22 is_stmt 0 view .LVU3
  42 0004 0023     		movs	r3, #0
  43 0006 0093     		str	r3, [sp]
  44 0008 0193     		str	r3, [sp, #4]
   5:Src/controllerSleep.c ****     if(((realTime->Hours == 22 && realTime->Minutes > 30) || (realTime->Hours > 22 && realTime->Hou
  45              		.loc 1 5 5 is_stmt 1 view .LVU4
  46              		.loc 1 5 18 is_stmt 0 view .LVU5
  47 000a 0B78     		ldrb	r3, [r1]	@ zero_extendqisi2
  48              		.loc 1 5 7 view .LVU6
  49 000c 162B     		cmp	r3, #22
  50 000e 11D0     		beq	.L10
  51              	.L2:
  52              		.loc 1 5 59 discriminator 3 view .LVU7
  53 0010 172B     		cmp	r3, #23
ARM GAS  C:\Users\User\AppData\Local\Temp\ccu5rXtj.s 			page 2


  54 0012 12D0     		beq	.L3
  55              		.loc 1 5 111 discriminator 4 view .LVU8
  56 0014 022B     		cmp	r3, #2
  57 0016 10D9     		bls	.L3
   6:Src/controllerSleep.c ****     (realTime->Hours >= 0 && realTime->Hours < 3) || (realTime->Hours == 3 && realTime->Minutes <= 
  58              		.loc 1 6 51 view .LVU9
  59 0018 032B     		cmp	r3, #3
  60 001a 1ED0     		beq	.L11
  61              	.L4:
   7:Src/controllerSleep.c ****     {
   8:Src/controllerSleep.c ****         myAlarm.AlarmTime.Hours = 4;
   9:Src/controllerSleep.c ****         myAlarm.AlarmTime.Minutes = 0;
  10:Src/controllerSleep.c ****         myAlarm.AlarmTime.Seconds = 0;
  11:Src/controllerSleep.c ****     }else
  12:Src/controllerSleep.c ****     {
  13:Src/controllerSleep.c ****         if(realTime->Minutes >= 0 && realTime->Minutes <=19)
  62              		.loc 1 13 9 is_stmt 1 view .LVU10
  63              		.loc 1 13 46 is_stmt 0 view .LVU11
  64 001c 4A78     		ldrb	r2, [r1, #1]	@ zero_extendqisi2
  65              		.loc 1 13 11 view .LVU12
  66 001e 132A     		cmp	r2, #19
  67 0020 1FD8     		bhi	.L6
  14:Src/controllerSleep.c ****         {
  15:Src/controllerSleep.c ****             myAlarm.AlarmTime.Hours = realTime->Hours;
  68              		.loc 1 15 13 is_stmt 1 view .LVU13
  69              		.loc 1 15 37 is_stmt 0 view .LVU14
  70 0022 8DF80030 		strb	r3, [sp]
  16:Src/controllerSleep.c ****             myAlarm.AlarmTime.Minutes = 20;
  71              		.loc 1 16 13 is_stmt 1 view .LVU15
  72              		.loc 1 16 39 is_stmt 0 view .LVU16
  73 0026 1423     		movs	r3, #20
  74 0028 8DF80130 		strb	r3, [sp, #1]
  17:Src/controllerSleep.c ****             myAlarm.AlarmTime.Seconds = 0;
  75              		.loc 1 17 13 is_stmt 1 view .LVU17
  76              		.loc 1 17 39 is_stmt 0 view .LVU18
  77 002c 0023     		movs	r3, #0
  78 002e 8DF80230 		strb	r3, [sp, #2]
  79 0032 0AE0     		b	.L5
  80              	.L10:
   5:Src/controllerSleep.c ****     (realTime->Hours >= 0 && realTime->Hours < 3) || (realTime->Hours == 3 && realTime->Minutes <= 
  81              		.loc 1 5 43 discriminator 1 view .LVU19
  82 0034 4A78     		ldrb	r2, [r1, #1]	@ zero_extendqisi2
   5:Src/controllerSleep.c ****     (realTime->Hours >= 0 && realTime->Hours < 3) || (realTime->Hours == 3 && realTime->Minutes <= 
  83              		.loc 1 5 32 discriminator 1 view .LVU20
  84 0036 1E2A     		cmp	r2, #30
  85 0038 EAD9     		bls	.L2
  86              	.L3:
   8:Src/controllerSleep.c ****         myAlarm.AlarmTime.Minutes = 0;
  87              		.loc 1 8 9 is_stmt 1 view .LVU21
   8:Src/controllerSleep.c ****         myAlarm.AlarmTime.Minutes = 0;
  88              		.loc 1 8 33 is_stmt 0 view .LVU22
  89 003a 0423     		movs	r3, #4
  90 003c 8DF80030 		strb	r3, [sp]
   9:Src/controllerSleep.c ****         myAlarm.AlarmTime.Seconds = 0;
  91              		.loc 1 9 9 is_stmt 1 view .LVU23
   9:Src/controllerSleep.c ****         myAlarm.AlarmTime.Seconds = 0;
  92              		.loc 1 9 35 is_stmt 0 view .LVU24
ARM GAS  C:\Users\User\AppData\Local\Temp\ccu5rXtj.s 			page 3


  93 0040 0023     		movs	r3, #0
  94 0042 8DF80130 		strb	r3, [sp, #1]
  10:Src/controllerSleep.c ****     }else
  95              		.loc 1 10 9 is_stmt 1 view .LVU25
  10:Src/controllerSleep.c ****     }else
  96              		.loc 1 10 35 is_stmt 0 view .LVU26
  97 0046 8DF80230 		strb	r3, [sp, #2]
  98              	.L5:
  18:Src/controllerSleep.c ****         }else if(realTime->Minutes >= 20 && realTime->Minutes <=39)
  19:Src/controllerSleep.c ****         {
  20:Src/controllerSleep.c ****             myAlarm.AlarmTime.Hours = realTime->Hours;
  21:Src/controllerSleep.c ****             myAlarm.AlarmTime.Minutes = 40;
  22:Src/controllerSleep.c ****             myAlarm.AlarmTime.Seconds = 0;
  23:Src/controllerSleep.c ****         }else
  24:Src/controllerSleep.c ****         {
  25:Src/controllerSleep.c ****             myAlarm.AlarmTime.Hours = realTime->Hours+1;
  26:Src/controllerSleep.c ****             myAlarm.AlarmTime.Minutes = 0;
  27:Src/controllerSleep.c ****             myAlarm.AlarmTime.Seconds = 0;
  28:Src/controllerSleep.c ****         }
  29:Src/controllerSleep.c ****     }
  30:Src/controllerSleep.c ****     if (HAL_RTC_SetAlarm_IT(hrtc, &myAlarm, RTC_FORMAT_BIN) != HAL_OK)
  99              		.loc 1 30 5 is_stmt 1 view .LVU27
 100              		.loc 1 30 9 is_stmt 0 view .LVU28
 101 004a 0022     		movs	r2, #0
 102 004c 6946     		mov	r1, sp
 103              	.LVL1:
 104              		.loc 1 30 9 view .LVU29
 105 004e FFF7FEFF 		bl	HAL_RTC_SetAlarm_IT
 106              	.LVL2:
 107              		.loc 1 30 8 view .LVU30
 108 0052 E0B9     		cbnz	r0, .L12
 109              	.L1:
  31:Src/controllerSleep.c ****     {
  32:Src/controllerSleep.c ****         Error_Handler();
  33:Src/controllerSleep.c ****     }
  34:Src/controllerSleep.c **** }
 110              		.loc 1 34 1 view .LVU31
 111 0054 03B0     		add	sp, sp, #12
 112              	.LCFI2:
 113              		.cfi_remember_state
 114              		.cfi_def_cfa_offset 4
 115              		@ sp needed
 116 0056 5DF804FB 		ldr	pc, [sp], #4
 117              	.LVL3:
 118              	.L11:
 119              	.LCFI3:
 120              		.cfi_restore_state
   6:Src/controllerSleep.c ****     {
 121              		.loc 1 6 87 discriminator 1 view .LVU32
 122 005a 4A78     		ldrb	r2, [r1, #1]	@ zero_extendqisi2
   6:Src/controllerSleep.c ****     {
 123              		.loc 1 6 76 discriminator 1 view .LVU33
 124 005c 3B2A     		cmp	r2, #59
 125 005e DDD8     		bhi	.L4
 126 0060 EBE7     		b	.L3
 127              	.L6:
  18:Src/controllerSleep.c ****         }else if(realTime->Minutes >= 20 && realTime->Minutes <=39)
ARM GAS  C:\Users\User\AppData\Local\Temp\ccu5rXtj.s 			page 4


 128              		.loc 1 18 15 is_stmt 1 view .LVU34
  18:Src/controllerSleep.c ****         }else if(realTime->Minutes >= 20 && realTime->Minutes <=39)
 129              		.loc 1 18 42 is_stmt 0 view .LVU35
 130 0062 143A     		subs	r2, r2, #20
 131 0064 D2B2     		uxtb	r2, r2
  18:Src/controllerSleep.c ****         }else if(realTime->Minutes >= 20 && realTime->Minutes <=39)
 132              		.loc 1 18 17 view .LVU36
 133 0066 132A     		cmp	r2, #19
 134 0068 08D8     		bhi	.L7
  20:Src/controllerSleep.c ****             myAlarm.AlarmTime.Minutes = 40;
 135              		.loc 1 20 13 is_stmt 1 view .LVU37
  20:Src/controllerSleep.c ****             myAlarm.AlarmTime.Minutes = 40;
 136              		.loc 1 20 37 is_stmt 0 view .LVU38
 137 006a 8DF80030 		strb	r3, [sp]
  21:Src/controllerSleep.c ****             myAlarm.AlarmTime.Seconds = 0;
 138              		.loc 1 21 13 is_stmt 1 view .LVU39
  21:Src/controllerSleep.c ****             myAlarm.AlarmTime.Seconds = 0;
 139              		.loc 1 21 39 is_stmt 0 view .LVU40
 140 006e 2823     		movs	r3, #40
 141 0070 8DF80130 		strb	r3, [sp, #1]
  22:Src/controllerSleep.c ****         }else
 142              		.loc 1 22 13 is_stmt 1 view .LVU41
  22:Src/controllerSleep.c ****         }else
 143              		.loc 1 22 39 is_stmt 0 view .LVU42
 144 0074 0023     		movs	r3, #0
 145 0076 8DF80230 		strb	r3, [sp, #2]
 146 007a E6E7     		b	.L5
 147              	.L7:
  25:Src/controllerSleep.c ****             myAlarm.AlarmTime.Minutes = 0;
 148              		.loc 1 25 13 is_stmt 1 view .LVU43
  25:Src/controllerSleep.c ****             myAlarm.AlarmTime.Minutes = 0;
 149              		.loc 1 25 54 is_stmt 0 view .LVU44
 150 007c 0133     		adds	r3, r3, #1
  25:Src/controllerSleep.c ****             myAlarm.AlarmTime.Minutes = 0;
 151              		.loc 1 25 37 view .LVU45
 152 007e 8DF80030 		strb	r3, [sp]
  26:Src/controllerSleep.c ****             myAlarm.AlarmTime.Seconds = 0;
 153              		.loc 1 26 13 is_stmt 1 view .LVU46
  26:Src/controllerSleep.c ****             myAlarm.AlarmTime.Seconds = 0;
 154              		.loc 1 26 39 is_stmt 0 view .LVU47
 155 0082 0023     		movs	r3, #0
 156 0084 8DF80130 		strb	r3, [sp, #1]
  27:Src/controllerSleep.c ****         }
 157              		.loc 1 27 13 is_stmt 1 view .LVU48
  27:Src/controllerSleep.c ****         }
 158              		.loc 1 27 39 is_stmt 0 view .LVU49
 159 0088 8DF80230 		strb	r3, [sp, #2]
 160 008c DDE7     		b	.L5
 161              	.LVL4:
 162              	.L12:
  32:Src/controllerSleep.c ****     }
 163              		.loc 1 32 9 is_stmt 1 view .LVU50
 164 008e FFF7FEFF 		bl	Error_Handler
 165              	.LVL5:
 166              		.loc 1 34 1 is_stmt 0 view .LVU51
 167 0092 DFE7     		b	.L1
 168              		.cfi_endproc
ARM GAS  C:\Users\User\AppData\Local\Temp\ccu5rXtj.s 			page 5


 169              	.LFE68:
 171              		.section	.rodata.sleepEnd.str1.4,"aMS",%progbits,1
 172              		.align	2
 173              	.LC1:
 174 0000 25753A25 		.ascii	"%u:%u\000"
 174      7500
 175              		.section	.text.sleepEnd,"ax",%progbits
 176              		.align	1
 177              		.global	sleepEnd
 178              		.syntax unified
 179              		.thumb
 180              		.thumb_func
 181              		.fpu softvfp
 183              	sleepEnd:
 184              	.LVL6:
 185              	.LFB69:
  35:Src/controllerSleep.c **** 
  36:Src/controllerSleep.c **** void sleepEnd(RTC_HandleTypeDef *hrtc, RTC_TimeTypeDef *realTime, UART_HandleTypeDef *ESPhuart, uin
  37:Src/controllerSleep.c ****     uint8_t *buttonIsPressed, uint32_t *lastInteractionTime, UART_HandleTypeDef *TestHuart) {
 186              		.loc 1 37 93 is_stmt 1 view -0
 187              		.cfi_startproc
 188              		@ args = 16, pretend = 0, frame = 16
 189              		@ frame_needed = 0, uses_anonymous_args = 0
 190              		.loc 1 37 93 is_stmt 0 view .LVU53
 191 0000 2DE9F043 		push	{r4, r5, r6, r7, r8, r9, lr}
 192              	.LCFI4:
 193              		.cfi_def_cfa_offset 28
 194              		.cfi_offset 4, -28
 195              		.cfi_offset 5, -24
 196              		.cfi_offset 6, -20
 197              		.cfi_offset 7, -16
 198              		.cfi_offset 8, -12
 199              		.cfi_offset 9, -8
 200              		.cfi_offset 14, -4
 201 0004 85B0     		sub	sp, sp, #20
 202              	.LCFI5:
 203              		.cfi_def_cfa_offset 48
 204 0006 0646     		mov	r6, r0
 205 0008 0C46     		mov	r4, r1
 206 000a 1746     		mov	r7, r2
 207 000c 9846     		mov	r8, r3
 208 000e DDF83C90 		ldr	r9, [sp, #60]
  38:Src/controllerSleep.c ****     SystemClock_Config();
 209              		.loc 1 38 5 is_stmt 1 view .LVU54
 210 0012 FFF7FEFF 		bl	SystemClock_Config
 211              	.LVL7:
  39:Src/controllerSleep.c ****     *selectedElemIndex = 0;
 212              		.loc 1 39 5 view .LVU55
 213              		.loc 1 39 24 is_stmt 0 view .LVU56
 214 0016 0025     		movs	r5, #0
 215 0018 88F80050 		strb	r5, [r8]
  40:Src/controllerSleep.c ****     *scrollCount = 0;
 216              		.loc 1 40 5 is_stmt 1 view .LVU57
 217              		.loc 1 40 18 is_stmt 0 view .LVU58
 218 001c 0C9B     		ldr	r3, [sp, #48]
 219 001e 1D70     		strb	r5, [r3]
  41:Src/controllerSleep.c ****     *buttonIsPressed = 0;
ARM GAS  C:\Users\User\AppData\Local\Temp\ccu5rXtj.s 			page 6


 220              		.loc 1 41 5 is_stmt 1 view .LVU59
 221              		.loc 1 41 22 is_stmt 0 view .LVU60
 222 0020 0D9B     		ldr	r3, [sp, #52]
 223 0022 1D70     		strb	r5, [r3]
  42:Src/controllerSleep.c ****     HAL_ResumeTick();
 224              		.loc 1 42 5 is_stmt 1 view .LVU61
 225 0024 FFF7FEFF 		bl	HAL_ResumeTick
 226              	.LVL8:
  43:Src/controllerSleep.c ****     char mess[10] = "Wakeup";
 227              		.loc 1 43 5 view .LVU62
 228              		.loc 1 43 10 is_stmt 0 view .LVU63
 229 0028 1C4B     		ldr	r3, .L15
 230 002a 93E80300 		ldm	r3, {r0, r1}
 231 002e 0190     		str	r0, [sp, #4]
 232 0030 ADF80810 		strh	r1, [sp, #8]	@ movhi
 233 0034 090C     		lsrs	r1, r1, #16
 234 0036 8DF80A10 		strb	r1, [sp, #10]
 235 003a ADF80B50 		strh	r5, [sp, #11]	@ unaligned
 236 003e 8DF80D50 		strb	r5, [sp, #13]
  44:Src/controllerSleep.c ****     HAL_UART_Transmit(TestHuart, (uint8_t *) mess,15,0xFFFF);
 237              		.loc 1 44 5 is_stmt 1 view .LVU64
 238 0042 4FF6FF73 		movw	r3, #65535
 239 0046 0F22     		movs	r2, #15
 240 0048 01A9     		add	r1, sp, #4
 241 004a 4846     		mov	r0, r9
 242 004c FFF7FEFF 		bl	HAL_UART_Transmit
 243              	.LVL9:
  45:Src/controllerSleep.c ****     //HAL_GPIO_WritePin(GPIOA, WakesUp_Pin, GPIO_PIN_RESET);
  46:Src/controllerSleep.c ****     //HAL_Delay(100);
  47:Src/controllerSleep.c ****     //HAL_GPIO_WritePin(GPIOA, WakesUp_Pin, GPIO_PIN_SET);
  48:Src/controllerSleep.c ****     DelAllExceptions();
 244              		.loc 1 48 5 view .LVU65
 245 0050 FFF7FEFF 		bl	DelAllExceptions
 246              	.LVL10:
  49:Src/controllerSleep.c ****     LoadingScreen();
 247              		.loc 1 49 5 view .LVU66
 248 0054 FFF7FEFF 		bl	LoadingScreen
 249              	.LVL11:
  50:Src/controllerSleep.c ****     HAL_RTC_GetTime(hrtc, realTime, RTC_FORMAT_BIN);
 250              		.loc 1 50 5 view .LVU67
 251 0058 2A46     		mov	r2, r5
 252 005a 2146     		mov	r1, r4
 253 005c 3046     		mov	r0, r6
 254 005e FFF7FEFF 		bl	HAL_RTC_GetTime
 255              	.LVL12:
  51:Src/controllerSleep.c ****     InitRealTime(ESPhuart, hrtc, realTime);
 256              		.loc 1 51 5 view .LVU68
 257 0062 2246     		mov	r2, r4
 258 0064 3146     		mov	r1, r6
 259 0066 3846     		mov	r0, r7
 260 0068 FFF7FEFF 		bl	InitRealTime
 261              	.LVL13:
  52:Src/controllerSleep.c ****     //WakeupESP(hrtc, realTime, ESPhuart);
  53:Src/controllerSleep.c **** 
  54:Src/controllerSleep.c ****     sprintf(mess, "%u:%u", realTime->Hours, realTime->Minutes);
 262              		.loc 1 54 5 view .LVU69
 263 006c 6378     		ldrb	r3, [r4, #1]	@ zero_extendqisi2
ARM GAS  C:\Users\User\AppData\Local\Temp\ccu5rXtj.s 			page 7


 264 006e 2278     		ldrb	r2, [r4]	@ zero_extendqisi2
 265 0070 0B49     		ldr	r1, .L15+4
 266 0072 01A8     		add	r0, sp, #4
 267 0074 FFF7FEFF 		bl	sprintf
 268              	.LVL14:
  55:Src/controllerSleep.c ****     HAL_UART_Transmit(TestHuart, (uint8_t *) mess, 10, 0xFFFF);
 269              		.loc 1 55 5 view .LVU70
 270 0078 4FF6FF73 		movw	r3, #65535
 271 007c 0A22     		movs	r2, #10
 272 007e 01A9     		add	r1, sp, #4
 273 0080 4846     		mov	r0, r9
 274 0082 FFF7FEFF 		bl	HAL_UART_Transmit
 275              	.LVL15:
  56:Src/controllerSleep.c **** 
  57:Src/controllerSleep.c ****     RefreshLCD();
 276              		.loc 1 57 5 view .LVU71
 277 0086 FFF7FEFF 		bl	RefreshLCD
 278              	.LVL16:
  58:Src/controllerSleep.c ****     *lastInteractionTime = HAL_GetTick();
 279              		.loc 1 58 5 view .LVU72
 280              		.loc 1 58 28 is_stmt 0 view .LVU73
 281 008a FFF7FEFF 		bl	HAL_GetTick
 282              	.LVL17:
 283              		.loc 1 58 26 view .LVU74
 284 008e 0E9B     		ldr	r3, [sp, #56]
 285 0090 1860     		str	r0, [r3]
  59:Src/controllerSleep.c ****     DataRequest();
 286              		.loc 1 59 5 is_stmt 1 view .LVU75
 287 0092 FFF7FEFF 		bl	DataRequest
 288              	.LVL18:
  60:Src/controllerSleep.c **** }
 289              		.loc 1 60 1 is_stmt 0 view .LVU76
 290 0096 05B0     		add	sp, sp, #20
 291              	.LCFI6:
 292              		.cfi_def_cfa_offset 28
 293              		@ sp needed
 294 0098 BDE8F083 		pop	{r4, r5, r6, r7, r8, r9, pc}
 295              	.LVL19:
 296              	.L16:
 297              		.loc 1 60 1 view .LVU77
 298              		.align	2
 299              	.L15:
 300 009c 00000000 		.word	.LANCHOR0
 301 00a0 00000000 		.word	.LC1
 302              		.cfi_endproc
 303              	.LFE69:
 305              		.section	.text.sleepBegin,"ax",%progbits
 306              		.align	1
 307              		.global	sleepBegin
 308              		.syntax unified
 309              		.thumb
 310              		.thumb_func
 311              		.fpu softvfp
 313              	sleepBegin:
 314              	.LVL20:
 315              	.LFB70:
  61:Src/controllerSleep.c **** 
ARM GAS  C:\Users\User\AppData\Local\Temp\ccu5rXtj.s 			page 8


  62:Src/controllerSleep.c **** void sleepBegin(RTC_HandleTypeDef *hrtc, RTC_TimeTypeDef *realTime, UART_HandleTypeDef *ESPhuart, u
  63:Src/controllerSleep.c ****     uint8_t *buttonIsPressed, uint32_t *lastInteractionTime, UART_HandleTypeDef *TestHuart) {
 316              		.loc 1 63 93 is_stmt 1 view -0
 317              		.cfi_startproc
 318              		@ args = 16, pretend = 0, frame = 16
 319              		@ frame_needed = 0, uses_anonymous_args = 0
 320              		.loc 1 63 93 is_stmt 0 view .LVU79
 321 0000 2DE9F047 		push	{r4, r5, r6, r7, r8, r9, r10, lr}
 322              	.LCFI7:
 323              		.cfi_def_cfa_offset 32
 324              		.cfi_offset 4, -32
 325              		.cfi_offset 5, -28
 326              		.cfi_offset 6, -24
 327              		.cfi_offset 7, -20
 328              		.cfi_offset 8, -16
 329              		.cfi_offset 9, -12
 330              		.cfi_offset 10, -8
 331              		.cfi_offset 14, -4
 332 0004 88B0     		sub	sp, sp, #32
 333              	.LCFI8:
 334              		.cfi_def_cfa_offset 64
 335 0006 0646     		mov	r6, r0
 336 0008 0F46     		mov	r7, r1
 337 000a 9046     		mov	r8, r2
 338 000c 9946     		mov	r9, r3
 339 000e DDF84CA0 		ldr	r10, [sp, #76]
  64:Src/controllerSleep.c ****     setAlarm(hrtc, realTime);
 340              		.loc 1 64 5 is_stmt 1 view .LVU80
 341 0012 FFF7FEFF 		bl	setAlarm
 342              	.LVL21:
  65:Src/controllerSleep.c ****     //SleepESP(ESPhuart);
  66:Src/controllerSleep.c ****     char mess[15] = "Goes to sleep";
 343              		.loc 1 66 5 view .LVU81
 344              		.loc 1 66 10 is_stmt 0 view .LVU82
 345 0016 04AC     		add	r4, sp, #16
 346 0018 144D     		ldr	r5, .L19
 347 001a 95E80F00 		ldm	r5, {r0, r1, r2, r3}
 348 001e 07C4     		stmia	r4!, {r0, r1, r2}
 349 0020 2380     		strh	r3, [r4]	@ movhi
 350 0022 0023     		movs	r3, #0
 351 0024 8DF81E30 		strb	r3, [sp, #30]
  67:Src/controllerSleep.c ****     HAL_UART_Transmit(TestHuart, (uint8_t *) mess,15,0xFFFF);
 352              		.loc 1 67 5 is_stmt 1 view .LVU83
 353 0028 4FF6FF73 		movw	r3, #65535
 354 002c 0F22     		movs	r2, #15
 355 002e 04A9     		add	r1, sp, #16
 356 0030 5046     		mov	r0, r10
 357 0032 FFF7FEFF 		bl	HAL_UART_Transmit
 358              	.LVL22:
  68:Src/controllerSleep.c ****     //HAL_GPIO_WritePin(GPIOA, GoesToSleep_Pin, GPIO_PIN_RESET);
  69:Src/controllerSleep.c ****     //HAL_Delay(100);
  70:Src/controllerSleep.c ****     //HAL_GPIO_WritePin(GPIOA, GoesToSleep_Pin, GPIO_PIN_SET);
  71:Src/controllerSleep.c ****     lcd_clear();
 359              		.loc 1 71 5 view .LVU84
 360 0036 FFF7FEFF 		bl	lcd_clear
 361              	.LVL23:
  72:Src/controllerSleep.c ****     setBacklightOff();	
ARM GAS  C:\Users\User\AppData\Local\Temp\ccu5rXtj.s 			page 9


 362              		.loc 1 72 5 view .LVU85
 363 003a FFF7FEFF 		bl	setBacklightOff
 364              	.LVL24:
  73:Src/controllerSleep.c ****     HAL_SuspendTick();
 365              		.loc 1 73 5 view .LVU86
 366 003e FFF7FEFF 		bl	HAL_SuspendTick
 367              	.LVL25:
  74:Src/controllerSleep.c ****     HAL_PWR_EnterSTOPMode(PWR_LOWPOWERREGULATOR_ON, PWR_STOPENTRY_WFI);
 368              		.loc 1 74 5 view .LVU87
 369 0042 0121     		movs	r1, #1
 370 0044 0846     		mov	r0, r1
 371 0046 FFF7FEFF 		bl	HAL_PWR_EnterSTOPMode
 372              	.LVL26:
  75:Src/controllerSleep.c ****     sleepEnd(hrtc, realTime, ESPhuart, selectedElemIndex, scrollCount, buttonIsPressed, lastInterac
 373              		.loc 1 75 5 view .LVU88
 374 004a CDF80CA0 		str	r10, [sp, #12]
 375 004e 129B     		ldr	r3, [sp, #72]
 376 0050 0293     		str	r3, [sp, #8]
 377 0052 119B     		ldr	r3, [sp, #68]
 378 0054 0193     		str	r3, [sp, #4]
 379 0056 109B     		ldr	r3, [sp, #64]
 380 0058 0093     		str	r3, [sp]
 381 005a 4B46     		mov	r3, r9
 382 005c 4246     		mov	r2, r8
 383 005e 3946     		mov	r1, r7
 384 0060 3046     		mov	r0, r6
 385 0062 FFF7FEFF 		bl	sleepEnd
 386              	.LVL27:
  76:Src/controllerSleep.c **** }...
 387              		.loc 1 76 1 is_stmt 0 view .LVU89
 388 0066 08B0     		add	sp, sp, #32
 389              	.LCFI9:
 390              		.cfi_def_cfa_offset 32
 391              		@ sp needed
 392 0068 BDE8F087 		pop	{r4, r5, r6, r7, r8, r9, r10, pc}
 393              	.LVL28:
 394              	.L20:
 395              		.loc 1 76 1 view .LVU90
 396              		.align	2
 397              	.L19:
 398 006c 0C000000 		.word	.LANCHOR0+12
 399              		.cfi_endproc
 400              	.LFE70:
 402              		.section	.rodata
 403              		.align	2
 404              		.set	.LANCHOR0,. + 0
 405              	.LC0:
 406 0000 57616B65 		.ascii	"Wakeup\000"
 406      757000
 407 0007 000000   		.space	3
 408 000a 0000     		.space	2
 409              	.LC2:
 410 000c 476F6573 		.ascii	"Goes to sleep\000"
 410      20746F20 
 410      736C6565 
 410      7000
 411 001a 00       		.space	1
ARM GAS  C:\Users\User\AppData\Local\Temp\ccu5rXtj.s 			page 10


 412              		.text
 413              	.Letext0:
 414              		.file 2 "c:\\users\\user\\.vscode\\extensions\\buzzyelectronics.stm-helper-1.2.9\\armgcc\\arm-none
 415              		.file 3 "c:\\users\\user\\.vscode\\extensions\\buzzyelectronics.stm-helper-1.2.9\\armgcc\\arm-none
 416              		.file 4 "Drivers/CMSIS/Include/core_cm3.h"
 417              		.file 5 "Drivers/CMSIS/Device/ST/STM32F1xx/Include/system_stm32f1xx.h"
 418              		.file 6 "Drivers/CMSIS/Device/ST/STM32F1xx/Include/stm32f103xb.h"
 419              		.file 7 "Drivers/STM32F1xx_HAL_Driver/Inc/stm32f1xx_hal_def.h"
 420              		.file 8 "Drivers/STM32F1xx_HAL_Driver/Inc/stm32f1xx_hal_dma.h"
 421              		.file 9 "Drivers/STM32F1xx_HAL_Driver/Inc/stm32f1xx_hal_rtc.h"
 422              		.file 10 "Drivers/STM32F1xx_HAL_Driver/Inc/stm32f1xx_hal_uart.h"
 423              		.file 11 "Drivers/STM32F1xx_HAL_Driver/Inc/stm32f1xx_hal.h"
 424              		.file 12 "c:\\users\\user\\.vscode\\extensions\\buzzyelectronics.stm-helper-1.2.9\\armgcc\\arm-non
 425              		.file 13 "c:\\users\\user\\.vscode\\extensions\\buzzyelectronics.stm-helper-1.2.9\\armgcc\\arm-non
 426              		.file 14 "c:\\users\\user\\.vscode\\extensions\\buzzyelectronics.stm-helper-1.2.9\\armgcc\\lib\\gc
 427              		.file 15 "c:\\users\\user\\.vscode\\extensions\\buzzyelectronics.stm-helper-1.2.9\\armgcc\\arm-non
 428              		.file 16 "c:\\users\\user\\.vscode\\extensions\\buzzyelectronics.stm-helper-1.2.9\\armgcc\\arm-non
 429              		.file 17 "Inc/i2c-lcd.h"
 430              		.file 18 "Drivers/STM32F1xx_HAL_Driver/Inc/stm32f1xx_hal_pwr.h"
 431              		.file 19 "Inc/main.h"
 432              		.file 20 "Inc/ESPControl.h"
 433              		.file 21 "c:\\users\\user\\.vscode\\extensions\\buzzyelectronics.stm-helper-1.2.9\\armgcc\\arm-non
ARM GAS  C:\Users\User\AppData\Local\Temp\ccu5rXtj.s 			page 11


DEFINED SYMBOLS
                            *ABS*:0000000000000000 controllerSleep.c
C:\Users\User\AppData\Local\Temp\ccu5rXtj.s:16     .text.setAlarm:0000000000000000 $t
C:\Users\User\AppData\Local\Temp\ccu5rXtj.s:24     .text.setAlarm:0000000000000000 setAlarm
C:\Users\User\AppData\Local\Temp\ccu5rXtj.s:172    .rodata.sleepEnd.str1.4:0000000000000000 $d
C:\Users\User\AppData\Local\Temp\ccu5rXtj.s:176    .text.sleepEnd:0000000000000000 $t
C:\Users\User\AppData\Local\Temp\ccu5rXtj.s:183    .text.sleepEnd:0000000000000000 sleepEnd
C:\Users\User\AppData\Local\Temp\ccu5rXtj.s:300    .text.sleepEnd:000000000000009c $d
C:\Users\User\AppData\Local\Temp\ccu5rXtj.s:306    .text.sleepBegin:0000000000000000 $t
C:\Users\User\AppData\Local\Temp\ccu5rXtj.s:313    .text.sleepBegin:0000000000000000 sleepBegin
C:\Users\User\AppData\Local\Temp\ccu5rXtj.s:398    .text.sleepBegin:000000000000006c $d
C:\Users\User\AppData\Local\Temp\ccu5rXtj.s:403    .rodata:0000000000000000 $d

UNDEFINED SYMBOLS
HAL_RTC_SetAlarm_IT
Error_Handler
SystemClock_Config
HAL_ResumeTick
HAL_UART_Transmit
DelAllExceptions
LoadingScreen
HAL_RTC_GetTime
InitRealTime
sprintf
RefreshLCD
HAL_GetTick
DataRequest
lcd_clear
setBacklightOff
HAL_SuspendTick
HAL_PWR_EnterSTOPMode
