ARM GAS  C:\Users\User\AppData\Local\Temp\ccgEdNAd.s 			page 1


   1              		.cpu cortex-m3
   2              		.eabi_attribute 20, 1
   3              		.eabi_attribute 21, 1
   4              		.eabi_attribute 23, 3
   5              		.eabi_attribute 24, 1
   6              		.eabi_attribute 25, 1
   7              		.eabi_attribute 26, 1
   8              		.eabi_attribute 30, 1
   9              		.eabi_attribute 34, 1
  10              		.eabi_attribute 18, 4
  11              		.file	"stm32f1xx_hal_msp.c"
  12              		.text
  13              	.Ltext0:
  14              		.cfi_sections	.debug_frame
  15              		.section	.text.HAL_MspInit,"ax",%progbits
  16              		.align	1
  17              		.global	HAL_MspInit
  18              		.arch armv7-m
  19              		.syntax unified
  20              		.thumb
  21              		.thumb_func
  22              		.fpu softvfp
  24              	HAL_MspInit:
  25              	.LFB68:
  26              		.file 1 "Src/stm32f1xx_hal_msp.c"
   1:Src/stm32f1xx_hal_msp.c **** /* USER CODE BEGIN Header */
   2:Src/stm32f1xx_hal_msp.c **** /**
   3:Src/stm32f1xx_hal_msp.c ****   ******************************************************************************
   4:Src/stm32f1xx_hal_msp.c ****   * File Name          : stm32f1xx_hal_msp.c
   5:Src/stm32f1xx_hal_msp.c ****   * Description        : This file provides code for the MSP Initialization 
   6:Src/stm32f1xx_hal_msp.c ****   *                      and de-Initialization codes.
   7:Src/stm32f1xx_hal_msp.c ****   ******************************************************************************
   8:Src/stm32f1xx_hal_msp.c ****   * @attention
   9:Src/stm32f1xx_hal_msp.c ****   *
  10:Src/stm32f1xx_hal_msp.c ****   * <h2><center>&copy; Copyright (c) 2019 STMicroelectronics.
  11:Src/stm32f1xx_hal_msp.c ****   * All rights reserved.</center></h2>
  12:Src/stm32f1xx_hal_msp.c ****   *
  13:Src/stm32f1xx_hal_msp.c ****   * This software component is licensed by ST under BSD 3-Clause license,
  14:Src/stm32f1xx_hal_msp.c ****   * the "License"; You may not use this file except in compliance with the
  15:Src/stm32f1xx_hal_msp.c ****   * License. You may obtain a copy of the License at:
  16:Src/stm32f1xx_hal_msp.c ****   *                        opensource.org/licenses/BSD-3-Clause
  17:Src/stm32f1xx_hal_msp.c ****   *
  18:Src/stm32f1xx_hal_msp.c ****   ******************************************************************************
  19:Src/stm32f1xx_hal_msp.c ****   */
  20:Src/stm32f1xx_hal_msp.c **** /* USER CODE END Header */
  21:Src/stm32f1xx_hal_msp.c **** 
  22:Src/stm32f1xx_hal_msp.c **** /* Includes ------------------------------------------------------------------*/
  23:Src/stm32f1xx_hal_msp.c **** #include "main.h"
  24:Src/stm32f1xx_hal_msp.c **** /* USER CODE BEGIN Includes */
  25:Src/stm32f1xx_hal_msp.c **** 
  26:Src/stm32f1xx_hal_msp.c **** /* USER CODE END Includes */
  27:Src/stm32f1xx_hal_msp.c **** 
  28:Src/stm32f1xx_hal_msp.c **** /* Private typedef -----------------------------------------------------------*/
  29:Src/stm32f1xx_hal_msp.c **** /* USER CODE BEGIN TD */
  30:Src/stm32f1xx_hal_msp.c **** 
  31:Src/stm32f1xx_hal_msp.c **** /* USER CODE END TD */
  32:Src/stm32f1xx_hal_msp.c **** 
ARM GAS  C:\Users\User\AppData\Local\Temp\ccgEdNAd.s 			page 2


  33:Src/stm32f1xx_hal_msp.c **** /* Private define ------------------------------------------------------------*/
  34:Src/stm32f1xx_hal_msp.c **** /* USER CODE BEGIN Define */
  35:Src/stm32f1xx_hal_msp.c ****  
  36:Src/stm32f1xx_hal_msp.c **** /* USER CODE END Define */
  37:Src/stm32f1xx_hal_msp.c **** 
  38:Src/stm32f1xx_hal_msp.c **** /* Private macro -------------------------------------------------------------*/
  39:Src/stm32f1xx_hal_msp.c **** /* USER CODE BEGIN Macro */
  40:Src/stm32f1xx_hal_msp.c **** 
  41:Src/stm32f1xx_hal_msp.c **** /* USER CODE END Macro */
  42:Src/stm32f1xx_hal_msp.c **** 
  43:Src/stm32f1xx_hal_msp.c **** /* Private variables ---------------------------------------------------------*/
  44:Src/stm32f1xx_hal_msp.c **** /* USER CODE BEGIN PV */
  45:Src/stm32f1xx_hal_msp.c **** 
  46:Src/stm32f1xx_hal_msp.c **** /* USER CODE END PV */
  47:Src/stm32f1xx_hal_msp.c **** 
  48:Src/stm32f1xx_hal_msp.c **** /* Private function prototypes -----------------------------------------------*/
  49:Src/stm32f1xx_hal_msp.c **** /* USER CODE BEGIN PFP */
  50:Src/stm32f1xx_hal_msp.c **** 
  51:Src/stm32f1xx_hal_msp.c **** /* USER CODE END PFP */
  52:Src/stm32f1xx_hal_msp.c **** 
  53:Src/stm32f1xx_hal_msp.c **** /* External functions --------------------------------------------------------*/
  54:Src/stm32f1xx_hal_msp.c **** /* USER CODE BEGIN ExternalFunctions */
  55:Src/stm32f1xx_hal_msp.c **** 
  56:Src/stm32f1xx_hal_msp.c **** /* USER CODE END ExternalFunctions */
  57:Src/stm32f1xx_hal_msp.c **** 
  58:Src/stm32f1xx_hal_msp.c **** /* USER CODE BEGIN 0 */
  59:Src/stm32f1xx_hal_msp.c **** 
  60:Src/stm32f1xx_hal_msp.c **** /* USER CODE END 0 */
  61:Src/stm32f1xx_hal_msp.c **** /**
  62:Src/stm32f1xx_hal_msp.c ****   * Initializes the Global MSP.
  63:Src/stm32f1xx_hal_msp.c ****   */
  64:Src/stm32f1xx_hal_msp.c **** void HAL_MspInit(void)
  65:Src/stm32f1xx_hal_msp.c **** {
  27              		.loc 1 65 1 view -0
  28              		.cfi_startproc
  29              		@ args = 0, pretend = 0, frame = 8
  30              		@ frame_needed = 0, uses_anonymous_args = 0
  31              		@ link register save eliminated.
  32 0000 82B0     		sub	sp, sp, #8
  33              	.LCFI0:
  34              		.cfi_def_cfa_offset 8
  66:Src/stm32f1xx_hal_msp.c ****   /* USER CODE BEGIN MspInit 0 */
  67:Src/stm32f1xx_hal_msp.c **** 
  68:Src/stm32f1xx_hal_msp.c ****   /* USER CODE END MspInit 0 */
  69:Src/stm32f1xx_hal_msp.c **** 
  70:Src/stm32f1xx_hal_msp.c ****   __HAL_RCC_AFIO_CLK_ENABLE();
  35              		.loc 1 70 3 view .LVU1
  36              	.LBB2:
  37              		.loc 1 70 3 view .LVU2
  38              		.loc 1 70 3 view .LVU3
  39 0002 0E4B     		ldr	r3, .L3
  40 0004 9A69     		ldr	r2, [r3, #24]
  41 0006 42F00102 		orr	r2, r2, #1
  42 000a 9A61     		str	r2, [r3, #24]
  43              		.loc 1 70 3 view .LVU4
  44 000c 9A69     		ldr	r2, [r3, #24]
  45 000e 02F00102 		and	r2, r2, #1
ARM GAS  C:\Users\User\AppData\Local\Temp\ccgEdNAd.s 			page 3


  46 0012 0092     		str	r2, [sp]
  47              		.loc 1 70 3 view .LVU5
  48 0014 009A     		ldr	r2, [sp]
  49              	.LBE2:
  50              		.loc 1 70 3 view .LVU6
  71:Src/stm32f1xx_hal_msp.c ****   __HAL_RCC_PWR_CLK_ENABLE();
  51              		.loc 1 71 3 view .LVU7
  52              	.LBB3:
  53              		.loc 1 71 3 view .LVU8
  54              		.loc 1 71 3 view .LVU9
  55 0016 DA69     		ldr	r2, [r3, #28]
  56 0018 42F08052 		orr	r2, r2, #268435456
  57 001c DA61     		str	r2, [r3, #28]
  58              		.loc 1 71 3 view .LVU10
  59 001e DB69     		ldr	r3, [r3, #28]
  60 0020 03F08053 		and	r3, r3, #268435456
  61 0024 0193     		str	r3, [sp, #4]
  62              		.loc 1 71 3 view .LVU11
  63 0026 019B     		ldr	r3, [sp, #4]
  64              	.LBE3:
  65              		.loc 1 71 3 view .LVU12
  72:Src/stm32f1xx_hal_msp.c **** 
  73:Src/stm32f1xx_hal_msp.c ****   /* System interrupt init*/
  74:Src/stm32f1xx_hal_msp.c **** 
  75:Src/stm32f1xx_hal_msp.c ****   /** NOJTAG: JTAG-DP Disabled and SW-DP Enabled 
  76:Src/stm32f1xx_hal_msp.c ****   */
  77:Src/stm32f1xx_hal_msp.c ****   __HAL_AFIO_REMAP_SWJ_NOJTAG();
  66              		.loc 1 77 3 view .LVU13
  67              	.LBB4:
  68              		.loc 1 77 3 view .LVU14
  69 0028 054A     		ldr	r2, .L3+4
  70 002a 5368     		ldr	r3, [r2, #4]
  71              	.LVL0:
  72              		.loc 1 77 3 view .LVU15
  73 002c 23F0E063 		bic	r3, r3, #117440512
  74              	.LVL1:
  75              		.loc 1 77 3 view .LVU16
  76 0030 43F00073 		orr	r3, r3, #33554432
  77              	.LVL2:
  78              		.loc 1 77 3 view .LVU17
  79 0034 5360     		str	r3, [r2, #4]
  80              	.LBE4:
  81              		.loc 1 77 3 view .LVU18
  78:Src/stm32f1xx_hal_msp.c **** 
  79:Src/stm32f1xx_hal_msp.c ****   /* USER CODE BEGIN MspInit 1 */
  80:Src/stm32f1xx_hal_msp.c **** 
  81:Src/stm32f1xx_hal_msp.c ****   /* USER CODE END MspInit 1 */
  82:Src/stm32f1xx_hal_msp.c **** }
  82              		.loc 1 82 1 is_stmt 0 view .LVU19
  83 0036 02B0     		add	sp, sp, #8
  84              	.LCFI1:
  85              		.cfi_def_cfa_offset 0
  86              		@ sp needed
  87 0038 7047     		bx	lr
  88              	.L4:
  89 003a 00BF     		.align	2
  90              	.L3:
ARM GAS  C:\Users\User\AppData\Local\Temp\ccgEdNAd.s 			page 4


  91 003c 00100240 		.word	1073876992
  92 0040 00000140 		.word	1073807360
  93              		.cfi_endproc
  94              	.LFE68:
  96              		.section	.text.HAL_I2C_MspInit,"ax",%progbits
  97              		.align	1
  98              		.global	HAL_I2C_MspInit
  99              		.syntax unified
 100              		.thumb
 101              		.thumb_func
 102              		.fpu softvfp
 104              	HAL_I2C_MspInit:
 105              	.LVL3:
 106              	.LFB69:
  83:Src/stm32f1xx_hal_msp.c **** 
  84:Src/stm32f1xx_hal_msp.c **** /**
  85:Src/stm32f1xx_hal_msp.c **** * @brief I2C MSP Initialization
  86:Src/stm32f1xx_hal_msp.c **** * This function configures the hardware resources used in this example
  87:Src/stm32f1xx_hal_msp.c **** * @param hi2c: I2C handle pointer
  88:Src/stm32f1xx_hal_msp.c **** * @retval None
  89:Src/stm32f1xx_hal_msp.c **** */
  90:Src/stm32f1xx_hal_msp.c **** void HAL_I2C_MspInit(I2C_HandleTypeDef* hi2c)
  91:Src/stm32f1xx_hal_msp.c **** {
 107              		.loc 1 91 1 is_stmt 1 view -0
 108              		.cfi_startproc
 109              		@ args = 0, pretend = 0, frame = 24
 110              		@ frame_needed = 0, uses_anonymous_args = 0
 111              		.loc 1 91 1 is_stmt 0 view .LVU21
 112 0000 10B5     		push	{r4, lr}
 113              	.LCFI2:
 114              		.cfi_def_cfa_offset 8
 115              		.cfi_offset 4, -8
 116              		.cfi_offset 14, -4
 117 0002 86B0     		sub	sp, sp, #24
 118              	.LCFI3:
 119              		.cfi_def_cfa_offset 32
  92:Src/stm32f1xx_hal_msp.c ****   GPIO_InitTypeDef GPIO_InitStruct = {0};
 120              		.loc 1 92 3 is_stmt 1 view .LVU22
 121              		.loc 1 92 20 is_stmt 0 view .LVU23
 122 0004 0023     		movs	r3, #0
 123 0006 0293     		str	r3, [sp, #8]
 124 0008 0393     		str	r3, [sp, #12]
 125 000a 0493     		str	r3, [sp, #16]
 126 000c 0593     		str	r3, [sp, #20]
  93:Src/stm32f1xx_hal_msp.c ****   if(hi2c->Instance==I2C1)
 127              		.loc 1 93 3 is_stmt 1 view .LVU24
 128              		.loc 1 93 10 is_stmt 0 view .LVU25
 129 000e 0268     		ldr	r2, [r0]
 130              		.loc 1 93 5 view .LVU26
 131 0010 154B     		ldr	r3, .L9
 132 0012 9A42     		cmp	r2, r3
 133 0014 01D0     		beq	.L8
 134              	.LVL4:
 135              	.L5:
  94:Src/stm32f1xx_hal_msp.c ****   {
  95:Src/stm32f1xx_hal_msp.c ****   /* USER CODE BEGIN I2C1_MspInit 0 */
  96:Src/stm32f1xx_hal_msp.c **** 
ARM GAS  C:\Users\User\AppData\Local\Temp\ccgEdNAd.s 			page 5


  97:Src/stm32f1xx_hal_msp.c ****   /* USER CODE END I2C1_MspInit 0 */
  98:Src/stm32f1xx_hal_msp.c ****   
  99:Src/stm32f1xx_hal_msp.c ****     __HAL_RCC_GPIOB_CLK_ENABLE();
 100:Src/stm32f1xx_hal_msp.c ****     /**I2C1 GPIO Configuration    
 101:Src/stm32f1xx_hal_msp.c ****     PB8     ------> I2C1_SCL
 102:Src/stm32f1xx_hal_msp.c ****     PB9     ------> I2C1_SDA 
 103:Src/stm32f1xx_hal_msp.c ****     */
 104:Src/stm32f1xx_hal_msp.c ****     GPIO_InitStruct.Pin = GPIO_PIN_8|GPIO_PIN_9;
 105:Src/stm32f1xx_hal_msp.c ****     GPIO_InitStruct.Mode = GPIO_MODE_AF_OD;
 106:Src/stm32f1xx_hal_msp.c ****     GPIO_InitStruct.Speed = GPIO_SPEED_FREQ_HIGH;
 107:Src/stm32f1xx_hal_msp.c ****     HAL_GPIO_Init(GPIOB, &GPIO_InitStruct);
 108:Src/stm32f1xx_hal_msp.c **** 
 109:Src/stm32f1xx_hal_msp.c ****     __HAL_AFIO_REMAP_I2C1_ENABLE();
 110:Src/stm32f1xx_hal_msp.c **** 
 111:Src/stm32f1xx_hal_msp.c ****     /* Peripheral clock enable */
 112:Src/stm32f1xx_hal_msp.c ****     __HAL_RCC_I2C1_CLK_ENABLE();
 113:Src/stm32f1xx_hal_msp.c ****   /* USER CODE BEGIN I2C1_MspInit 1 */
 114:Src/stm32f1xx_hal_msp.c **** 
 115:Src/stm32f1xx_hal_msp.c ****   /* USER CODE END I2C1_MspInit 1 */
 116:Src/stm32f1xx_hal_msp.c ****   }
 117:Src/stm32f1xx_hal_msp.c **** 
 118:Src/stm32f1xx_hal_msp.c **** }
 136              		.loc 1 118 1 view .LVU27
 137 0016 06B0     		add	sp, sp, #24
 138              	.LCFI4:
 139              		.cfi_remember_state
 140              		.cfi_def_cfa_offset 8
 141              		@ sp needed
 142 0018 10BD     		pop	{r4, pc}
 143              	.LVL5:
 144              	.L8:
 145              	.LCFI5:
 146              		.cfi_restore_state
  99:Src/stm32f1xx_hal_msp.c ****     /**I2C1 GPIO Configuration    
 147              		.loc 1 99 5 is_stmt 1 view .LVU28
 148              	.LBB5:
  99:Src/stm32f1xx_hal_msp.c ****     /**I2C1 GPIO Configuration    
 149              		.loc 1 99 5 view .LVU29
  99:Src/stm32f1xx_hal_msp.c ****     /**I2C1 GPIO Configuration    
 150              		.loc 1 99 5 view .LVU30
 151 001a 144C     		ldr	r4, .L9+4
 152 001c A369     		ldr	r3, [r4, #24]
 153 001e 43F00803 		orr	r3, r3, #8
 154 0022 A361     		str	r3, [r4, #24]
  99:Src/stm32f1xx_hal_msp.c ****     /**I2C1 GPIO Configuration    
 155              		.loc 1 99 5 view .LVU31
 156 0024 A369     		ldr	r3, [r4, #24]
 157 0026 03F00803 		and	r3, r3, #8
 158 002a 0093     		str	r3, [sp]
  99:Src/stm32f1xx_hal_msp.c ****     /**I2C1 GPIO Configuration    
 159              		.loc 1 99 5 view .LVU32
 160 002c 009B     		ldr	r3, [sp]
 161              	.LBE5:
  99:Src/stm32f1xx_hal_msp.c ****     /**I2C1 GPIO Configuration    
 162              		.loc 1 99 5 view .LVU33
 104:Src/stm32f1xx_hal_msp.c ****     GPIO_InitStruct.Mode = GPIO_MODE_AF_OD;
 163              		.loc 1 104 5 view .LVU34
ARM GAS  C:\Users\User\AppData\Local\Temp\ccgEdNAd.s 			page 6


 104:Src/stm32f1xx_hal_msp.c ****     GPIO_InitStruct.Mode = GPIO_MODE_AF_OD;
 164              		.loc 1 104 25 is_stmt 0 view .LVU35
 165 002e 4FF44073 		mov	r3, #768
 166 0032 0293     		str	r3, [sp, #8]
 105:Src/stm32f1xx_hal_msp.c ****     GPIO_InitStruct.Speed = GPIO_SPEED_FREQ_HIGH;
 167              		.loc 1 105 5 is_stmt 1 view .LVU36
 105:Src/stm32f1xx_hal_msp.c ****     GPIO_InitStruct.Speed = GPIO_SPEED_FREQ_HIGH;
 168              		.loc 1 105 26 is_stmt 0 view .LVU37
 169 0034 1223     		movs	r3, #18
 170 0036 0393     		str	r3, [sp, #12]
 106:Src/stm32f1xx_hal_msp.c ****     HAL_GPIO_Init(GPIOB, &GPIO_InitStruct);
 171              		.loc 1 106 5 is_stmt 1 view .LVU38
 106:Src/stm32f1xx_hal_msp.c ****     HAL_GPIO_Init(GPIOB, &GPIO_InitStruct);
 172              		.loc 1 106 27 is_stmt 0 view .LVU39
 173 0038 0323     		movs	r3, #3
 174 003a 0593     		str	r3, [sp, #20]
 107:Src/stm32f1xx_hal_msp.c **** 
 175              		.loc 1 107 5 is_stmt 1 view .LVU40
 176 003c 02A9     		add	r1, sp, #8
 177 003e 0C48     		ldr	r0, .L9+8
 178              	.LVL6:
 107:Src/stm32f1xx_hal_msp.c **** 
 179              		.loc 1 107 5 is_stmt 0 view .LVU41
 180 0040 FFF7FEFF 		bl	HAL_GPIO_Init
 181              	.LVL7:
 109:Src/stm32f1xx_hal_msp.c **** 
 182              		.loc 1 109 5 is_stmt 1 view .LVU42
 183              	.LBB6:
 109:Src/stm32f1xx_hal_msp.c **** 
 184              		.loc 1 109 5 view .LVU43
 185 0044 0B4A     		ldr	r2, .L9+12
 186 0046 5368     		ldr	r3, [r2, #4]
 187              	.LVL8:
 109:Src/stm32f1xx_hal_msp.c **** 
 188              		.loc 1 109 5 view .LVU44
 109:Src/stm32f1xx_hal_msp.c **** 
 189              		.loc 1 109 5 view .LVU45
 190 0048 43F0E063 		orr	r3, r3, #117440512
 191              	.LVL9:
 109:Src/stm32f1xx_hal_msp.c **** 
 192              		.loc 1 109 5 is_stmt 0 view .LVU46
 193 004c 43F00203 		orr	r3, r3, #2
 194              	.LVL10:
 109:Src/stm32f1xx_hal_msp.c **** 
 195              		.loc 1 109 5 is_stmt 1 view .LVU47
 196 0050 5360     		str	r3, [r2, #4]
 197              	.LBE6:
 109:Src/stm32f1xx_hal_msp.c **** 
 198              		.loc 1 109 5 view .LVU48
 112:Src/stm32f1xx_hal_msp.c ****   /* USER CODE BEGIN I2C1_MspInit 1 */
 199              		.loc 1 112 5 view .LVU49
 200              	.LBB7:
 112:Src/stm32f1xx_hal_msp.c ****   /* USER CODE BEGIN I2C1_MspInit 1 */
 201              		.loc 1 112 5 view .LVU50
 112:Src/stm32f1xx_hal_msp.c ****   /* USER CODE BEGIN I2C1_MspInit 1 */
 202              		.loc 1 112 5 view .LVU51
 203 0052 E369     		ldr	r3, [r4, #28]
ARM GAS  C:\Users\User\AppData\Local\Temp\ccgEdNAd.s 			page 7


 204              	.LVL11:
 112:Src/stm32f1xx_hal_msp.c ****   /* USER CODE BEGIN I2C1_MspInit 1 */
 205              		.loc 1 112 5 is_stmt 0 view .LVU52
 206 0054 43F40013 		orr	r3, r3, #2097152
 207 0058 E361     		str	r3, [r4, #28]
 208              	.LVL12:
 112:Src/stm32f1xx_hal_msp.c ****   /* USER CODE BEGIN I2C1_MspInit 1 */
 209              		.loc 1 112 5 is_stmt 1 view .LVU53
 210 005a E369     		ldr	r3, [r4, #28]
 211 005c 03F40013 		and	r3, r3, #2097152
 212 0060 0193     		str	r3, [sp, #4]
 112:Src/stm32f1xx_hal_msp.c ****   /* USER CODE BEGIN I2C1_MspInit 1 */
 213              		.loc 1 112 5 view .LVU54
 214 0062 019B     		ldr	r3, [sp, #4]
 215              	.LBE7:
 112:Src/stm32f1xx_hal_msp.c ****   /* USER CODE BEGIN I2C1_MspInit 1 */
 216              		.loc 1 112 5 view .LVU55
 217              		.loc 1 118 1 is_stmt 0 view .LVU56
 218 0064 D7E7     		b	.L5
 219              	.L10:
 220 0066 00BF     		.align	2
 221              	.L9:
 222 0068 00540040 		.word	1073763328
 223 006c 00100240 		.word	1073876992
 224 0070 000C0140 		.word	1073810432
 225 0074 00000140 		.word	1073807360
 226              		.cfi_endproc
 227              	.LFE69:
 229              		.section	.text.HAL_I2C_MspDeInit,"ax",%progbits
 230              		.align	1
 231              		.global	HAL_I2C_MspDeInit
 232              		.syntax unified
 233              		.thumb
 234              		.thumb_func
 235              		.fpu softvfp
 237              	HAL_I2C_MspDeInit:
 238              	.LVL13:
 239              	.LFB70:
 119:Src/stm32f1xx_hal_msp.c **** 
 120:Src/stm32f1xx_hal_msp.c **** /**
 121:Src/stm32f1xx_hal_msp.c **** * @brief I2C MSP De-Initialization
 122:Src/stm32f1xx_hal_msp.c **** * This function freeze the hardware resources used in this example
 123:Src/stm32f1xx_hal_msp.c **** * @param hi2c: I2C handle pointer
 124:Src/stm32f1xx_hal_msp.c **** * @retval None
 125:Src/stm32f1xx_hal_msp.c **** */
 126:Src/stm32f1xx_hal_msp.c **** void HAL_I2C_MspDeInit(I2C_HandleTypeDef* hi2c)
 127:Src/stm32f1xx_hal_msp.c **** {
 240              		.loc 1 127 1 is_stmt 1 view -0
 241              		.cfi_startproc
 242              		@ args = 0, pretend = 0, frame = 0
 243              		@ frame_needed = 0, uses_anonymous_args = 0
 244              		.loc 1 127 1 is_stmt 0 view .LVU58
 245 0000 08B5     		push	{r3, lr}
 246              	.LCFI6:
 247              		.cfi_def_cfa_offset 8
 248              		.cfi_offset 3, -8
 249              		.cfi_offset 14, -4
ARM GAS  C:\Users\User\AppData\Local\Temp\ccgEdNAd.s 			page 8


 128:Src/stm32f1xx_hal_msp.c ****   if(hi2c->Instance==I2C1)
 250              		.loc 1 128 3 is_stmt 1 view .LVU59
 251              		.loc 1 128 10 is_stmt 0 view .LVU60
 252 0002 0268     		ldr	r2, [r0]
 253              		.loc 1 128 5 view .LVU61
 254 0004 074B     		ldr	r3, .L15
 255 0006 9A42     		cmp	r2, r3
 256 0008 00D0     		beq	.L14
 257              	.LVL14:
 258              	.L11:
 129:Src/stm32f1xx_hal_msp.c ****   {
 130:Src/stm32f1xx_hal_msp.c ****   /* USER CODE BEGIN I2C1_MspDeInit 0 */
 131:Src/stm32f1xx_hal_msp.c **** 
 132:Src/stm32f1xx_hal_msp.c ****   /* USER CODE END I2C1_MspDeInit 0 */
 133:Src/stm32f1xx_hal_msp.c ****     /* Peripheral clock disable */
 134:Src/stm32f1xx_hal_msp.c ****     __HAL_RCC_I2C1_CLK_DISABLE();
 135:Src/stm32f1xx_hal_msp.c ****   
 136:Src/stm32f1xx_hal_msp.c ****     /**I2C1 GPIO Configuration    
 137:Src/stm32f1xx_hal_msp.c ****     PB8     ------> I2C1_SCL
 138:Src/stm32f1xx_hal_msp.c ****     PB9     ------> I2C1_SDA 
 139:Src/stm32f1xx_hal_msp.c ****     */
 140:Src/stm32f1xx_hal_msp.c ****     HAL_GPIO_DeInit(GPIOB, GPIO_PIN_8|GPIO_PIN_9);
 141:Src/stm32f1xx_hal_msp.c **** 
 142:Src/stm32f1xx_hal_msp.c ****   /* USER CODE BEGIN I2C1_MspDeInit 1 */
 143:Src/stm32f1xx_hal_msp.c **** 
 144:Src/stm32f1xx_hal_msp.c ****   /* USER CODE END I2C1_MspDeInit 1 */
 145:Src/stm32f1xx_hal_msp.c ****   }
 146:Src/stm32f1xx_hal_msp.c **** 
 147:Src/stm32f1xx_hal_msp.c **** }
 259              		.loc 1 147 1 view .LVU62
 260 000a 08BD     		pop	{r3, pc}
 261              	.LVL15:
 262              	.L14:
 134:Src/stm32f1xx_hal_msp.c ****   
 263              		.loc 1 134 5 is_stmt 1 view .LVU63
 264 000c 064A     		ldr	r2, .L15+4
 265 000e D369     		ldr	r3, [r2, #28]
 266 0010 23F40013 		bic	r3, r3, #2097152
 267 0014 D361     		str	r3, [r2, #28]
 140:Src/stm32f1xx_hal_msp.c **** 
 268              		.loc 1 140 5 view .LVU64
 269 0016 4FF44071 		mov	r1, #768
 270 001a 0448     		ldr	r0, .L15+8
 271              	.LVL16:
 140:Src/stm32f1xx_hal_msp.c **** 
 272              		.loc 1 140 5 is_stmt 0 view .LVU65
 273 001c FFF7FEFF 		bl	HAL_GPIO_DeInit
 274              	.LVL17:
 275              		.loc 1 147 1 view .LVU66
 276 0020 F3E7     		b	.L11
 277              	.L16:
 278 0022 00BF     		.align	2
 279              	.L15:
 280 0024 00540040 		.word	1073763328
 281 0028 00100240 		.word	1073876992
 282 002c 000C0140 		.word	1073810432
 283              		.cfi_endproc
ARM GAS  C:\Users\User\AppData\Local\Temp\ccgEdNAd.s 			page 9


 284              	.LFE70:
 286              		.section	.text.HAL_RTC_MspInit,"ax",%progbits
 287              		.align	1
 288              		.global	HAL_RTC_MspInit
 289              		.syntax unified
 290              		.thumb
 291              		.thumb_func
 292              		.fpu softvfp
 294              	HAL_RTC_MspInit:
 295              	.LVL18:
 296              	.LFB71:
 148:Src/stm32f1xx_hal_msp.c **** 
 149:Src/stm32f1xx_hal_msp.c **** /**
 150:Src/stm32f1xx_hal_msp.c **** * @brief RTC MSP Initialization
 151:Src/stm32f1xx_hal_msp.c **** * This function configures the hardware resources used in this example
 152:Src/stm32f1xx_hal_msp.c **** * @param hrtc: RTC handle pointer
 153:Src/stm32f1xx_hal_msp.c **** * @retval None
 154:Src/stm32f1xx_hal_msp.c **** */
 155:Src/stm32f1xx_hal_msp.c **** void HAL_RTC_MspInit(RTC_HandleTypeDef* hrtc)
 156:Src/stm32f1xx_hal_msp.c **** {
 297              		.loc 1 156 1 is_stmt 1 view -0
 298              		.cfi_startproc
 299              		@ args = 0, pretend = 0, frame = 8
 300              		@ frame_needed = 0, uses_anonymous_args = 0
 157:Src/stm32f1xx_hal_msp.c ****   if(hrtc->Instance==RTC)
 301              		.loc 1 157 3 view .LVU68
 302              		.loc 1 157 10 is_stmt 0 view .LVU69
 303 0000 0268     		ldr	r2, [r0]
 304              		.loc 1 157 5 view .LVU70
 305 0002 104B     		ldr	r3, .L24
 306 0004 9A42     		cmp	r2, r3
 307 0006 00D0     		beq	.L23
 308 0008 7047     		bx	lr
 309              	.L23:
 156:Src/stm32f1xx_hal_msp.c ****   if(hrtc->Instance==RTC)
 310              		.loc 1 156 1 view .LVU71
 311 000a 00B5     		push	{lr}
 312              	.LCFI7:
 313              		.cfi_def_cfa_offset 4
 314              		.cfi_offset 14, -4
 315 000c 83B0     		sub	sp, sp, #12
 316              	.LCFI8:
 317              		.cfi_def_cfa_offset 16
 158:Src/stm32f1xx_hal_msp.c ****   {
 159:Src/stm32f1xx_hal_msp.c ****   /* USER CODE BEGIN RTC_MspInit 0 */
 160:Src/stm32f1xx_hal_msp.c **** 
 161:Src/stm32f1xx_hal_msp.c ****   /* USER CODE END RTC_MspInit 0 */
 162:Src/stm32f1xx_hal_msp.c ****     HAL_PWR_EnableBkUpAccess();
 318              		.loc 1 162 5 is_stmt 1 view .LVU72
 319 000e FFF7FEFF 		bl	HAL_PWR_EnableBkUpAccess
 320              	.LVL19:
 163:Src/stm32f1xx_hal_msp.c ****     /* Enable BKP CLK enable for backup registers */
 164:Src/stm32f1xx_hal_msp.c ****     __HAL_RCC_BKP_CLK_ENABLE();
 321              		.loc 1 164 5 view .LVU73
 322              	.LBB8:
 323              		.loc 1 164 5 view .LVU74
 324              		.loc 1 164 5 view .LVU75
ARM GAS  C:\Users\User\AppData\Local\Temp\ccgEdNAd.s 			page 10


 325 0012 0D4B     		ldr	r3, .L24+4
 326 0014 DA69     		ldr	r2, [r3, #28]
 327 0016 42F00062 		orr	r2, r2, #134217728
 328 001a DA61     		str	r2, [r3, #28]
 329              		.loc 1 164 5 view .LVU76
 330 001c DB69     		ldr	r3, [r3, #28]
 331 001e 03F00063 		and	r3, r3, #134217728
 332 0022 0193     		str	r3, [sp, #4]
 333              		.loc 1 164 5 view .LVU77
 334 0024 019B     		ldr	r3, [sp, #4]
 335              	.LBE8:
 336              		.loc 1 164 5 view .LVU78
 165:Src/stm32f1xx_hal_msp.c ****     /* Peripheral clock enable */
 166:Src/stm32f1xx_hal_msp.c ****     __HAL_RCC_RTC_ENABLE();
 337              		.loc 1 166 5 view .LVU79
 338 0026 094B     		ldr	r3, .L24+8
 339 0028 0122     		movs	r2, #1
 340 002a 1A60     		str	r2, [r3]
 167:Src/stm32f1xx_hal_msp.c ****     /* RTC interrupt Init */
 168:Src/stm32f1xx_hal_msp.c ****     HAL_NVIC_SetPriority(RTC_Alarm_IRQn, 0, 0);
 341              		.loc 1 168 5 view .LVU80
 342 002c 0022     		movs	r2, #0
 343 002e 1146     		mov	r1, r2
 344 0030 2920     		movs	r0, #41
 345 0032 FFF7FEFF 		bl	HAL_NVIC_SetPriority
 346              	.LVL20:
 169:Src/stm32f1xx_hal_msp.c ****     HAL_NVIC_EnableIRQ(RTC_Alarm_IRQn);
 347              		.loc 1 169 5 view .LVU81
 348 0036 2920     		movs	r0, #41
 349 0038 FFF7FEFF 		bl	HAL_NVIC_EnableIRQ
 350              	.LVL21:
 170:Src/stm32f1xx_hal_msp.c ****   /* USER CODE BEGIN RTC_MspInit 1 */
 171:Src/stm32f1xx_hal_msp.c **** 
 172:Src/stm32f1xx_hal_msp.c ****   /* USER CODE END RTC_MspInit 1 */
 173:Src/stm32f1xx_hal_msp.c ****   }
 174:Src/stm32f1xx_hal_msp.c **** 
 175:Src/stm32f1xx_hal_msp.c **** }
 351              		.loc 1 175 1 is_stmt 0 view .LVU82
 352 003c 03B0     		add	sp, sp, #12
 353              	.LCFI9:
 354              		.cfi_def_cfa_offset 4
 355              		@ sp needed
 356 003e 5DF804FB 		ldr	pc, [sp], #4
 357              	.L25:
 358 0042 00BF     		.align	2
 359              	.L24:
 360 0044 00280040 		.word	1073752064
 361 0048 00100240 		.word	1073876992
 362 004c 3C044242 		.word	1111622716
 363              		.cfi_endproc
 364              	.LFE71:
 366              		.section	.text.HAL_RTC_MspDeInit,"ax",%progbits
 367              		.align	1
 368              		.global	HAL_RTC_MspDeInit
 369              		.syntax unified
 370              		.thumb
 371              		.thumb_func
ARM GAS  C:\Users\User\AppData\Local\Temp\ccgEdNAd.s 			page 11


 372              		.fpu softvfp
 374              	HAL_RTC_MspDeInit:
 375              	.LVL22:
 376              	.LFB72:
 176:Src/stm32f1xx_hal_msp.c **** 
 177:Src/stm32f1xx_hal_msp.c **** /**
 178:Src/stm32f1xx_hal_msp.c **** * @brief RTC MSP De-Initialization
 179:Src/stm32f1xx_hal_msp.c **** * This function freeze the hardware resources used in this example
 180:Src/stm32f1xx_hal_msp.c **** * @param hrtc: RTC handle pointer
 181:Src/stm32f1xx_hal_msp.c **** * @retval None
 182:Src/stm32f1xx_hal_msp.c **** */
 183:Src/stm32f1xx_hal_msp.c **** void HAL_RTC_MspDeInit(RTC_HandleTypeDef* hrtc)
 184:Src/stm32f1xx_hal_msp.c **** {
 377              		.loc 1 184 1 is_stmt 1 view -0
 378              		.cfi_startproc
 379              		@ args = 0, pretend = 0, frame = 0
 380              		@ frame_needed = 0, uses_anonymous_args = 0
 381              		.loc 1 184 1 is_stmt 0 view .LVU84
 382 0000 08B5     		push	{r3, lr}
 383              	.LCFI10:
 384              		.cfi_def_cfa_offset 8
 385              		.cfi_offset 3, -8
 386              		.cfi_offset 14, -4
 185:Src/stm32f1xx_hal_msp.c ****   if(hrtc->Instance==RTC)
 387              		.loc 1 185 3 is_stmt 1 view .LVU85
 388              		.loc 1 185 10 is_stmt 0 view .LVU86
 389 0002 0268     		ldr	r2, [r0]
 390              		.loc 1 185 5 view .LVU87
 391 0004 054B     		ldr	r3, .L30
 392 0006 9A42     		cmp	r2, r3
 393 0008 00D0     		beq	.L29
 394              	.LVL23:
 395              	.L26:
 186:Src/stm32f1xx_hal_msp.c ****   {
 187:Src/stm32f1xx_hal_msp.c ****   /* USER CODE BEGIN RTC_MspDeInit 0 */
 188:Src/stm32f1xx_hal_msp.c **** 
 189:Src/stm32f1xx_hal_msp.c ****   /* USER CODE END RTC_MspDeInit 0 */
 190:Src/stm32f1xx_hal_msp.c ****     /* Peripheral clock disable */
 191:Src/stm32f1xx_hal_msp.c ****     __HAL_RCC_RTC_DISABLE();
 192:Src/stm32f1xx_hal_msp.c **** 
 193:Src/stm32f1xx_hal_msp.c ****     /* RTC interrupt DeInit */
 194:Src/stm32f1xx_hal_msp.c ****     HAL_NVIC_DisableIRQ(RTC_Alarm_IRQn);
 195:Src/stm32f1xx_hal_msp.c ****   /* USER CODE BEGIN RTC_MspDeInit 1 */
 196:Src/stm32f1xx_hal_msp.c **** 
 197:Src/stm32f1xx_hal_msp.c ****   /* USER CODE END RTC_MspDeInit 1 */
 198:Src/stm32f1xx_hal_msp.c ****   }
 199:Src/stm32f1xx_hal_msp.c **** 
 200:Src/stm32f1xx_hal_msp.c **** }
 396              		.loc 1 200 1 view .LVU88
 397 000a 08BD     		pop	{r3, pc}
 398              	.LVL24:
 399              	.L29:
 191:Src/stm32f1xx_hal_msp.c **** 
 400              		.loc 1 191 5 is_stmt 1 view .LVU89
 401 000c 044B     		ldr	r3, .L30+4
 402 000e 0022     		movs	r2, #0
 403 0010 1A60     		str	r2, [r3]
ARM GAS  C:\Users\User\AppData\Local\Temp\ccgEdNAd.s 			page 12


 194:Src/stm32f1xx_hal_msp.c ****   /* USER CODE BEGIN RTC_MspDeInit 1 */
 404              		.loc 1 194 5 view .LVU90
 405 0012 2920     		movs	r0, #41
 406              	.LVL25:
 194:Src/stm32f1xx_hal_msp.c ****   /* USER CODE BEGIN RTC_MspDeInit 1 */
 407              		.loc 1 194 5 is_stmt 0 view .LVU91
 408 0014 FFF7FEFF 		bl	HAL_NVIC_DisableIRQ
 409              	.LVL26:
 410              		.loc 1 200 1 view .LVU92
 411 0018 F7E7     		b	.L26
 412              	.L31:
 413 001a 00BF     		.align	2
 414              	.L30:
 415 001c 00280040 		.word	1073752064
 416 0020 3C044242 		.word	1111622716
 417              		.cfi_endproc
 418              	.LFE72:
 420              		.section	.text.HAL_TIM_Encoder_MspInit,"ax",%progbits
 421              		.align	1
 422              		.global	HAL_TIM_Encoder_MspInit
 423              		.syntax unified
 424              		.thumb
 425              		.thumb_func
 426              		.fpu softvfp
 428              	HAL_TIM_Encoder_MspInit:
 429              	.LVL27:
 430              	.LFB73:
 201:Src/stm32f1xx_hal_msp.c **** 
 202:Src/stm32f1xx_hal_msp.c **** /**
 203:Src/stm32f1xx_hal_msp.c **** * @brief TIM_Encoder MSP Initialization
 204:Src/stm32f1xx_hal_msp.c **** * This function configures the hardware resources used in this example
 205:Src/stm32f1xx_hal_msp.c **** * @param htim_encoder: TIM_Encoder handle pointer
 206:Src/stm32f1xx_hal_msp.c **** * @retval None
 207:Src/stm32f1xx_hal_msp.c **** */
 208:Src/stm32f1xx_hal_msp.c **** void HAL_TIM_Encoder_MspInit(TIM_HandleTypeDef* htim_encoder)
 209:Src/stm32f1xx_hal_msp.c **** {
 431              		.loc 1 209 1 is_stmt 1 view -0
 432              		.cfi_startproc
 433              		@ args = 0, pretend = 0, frame = 24
 434              		@ frame_needed = 0, uses_anonymous_args = 0
 435              		.loc 1 209 1 is_stmt 0 view .LVU94
 436 0000 10B5     		push	{r4, lr}
 437              	.LCFI11:
 438              		.cfi_def_cfa_offset 8
 439              		.cfi_offset 4, -8
 440              		.cfi_offset 14, -4
 441 0002 86B0     		sub	sp, sp, #24
 442              	.LCFI12:
 443              		.cfi_def_cfa_offset 32
 210:Src/stm32f1xx_hal_msp.c ****   GPIO_InitTypeDef GPIO_InitStruct = {0};
 444              		.loc 1 210 3 is_stmt 1 view .LVU95
 445              		.loc 1 210 20 is_stmt 0 view .LVU96
 446 0004 0023     		movs	r3, #0
 447 0006 0293     		str	r3, [sp, #8]
 448 0008 0393     		str	r3, [sp, #12]
 449 000a 0493     		str	r3, [sp, #16]
 450 000c 0593     		str	r3, [sp, #20]
ARM GAS  C:\Users\User\AppData\Local\Temp\ccgEdNAd.s 			page 13


 211:Src/stm32f1xx_hal_msp.c ****   if(htim_encoder->Instance==TIM2)
 451              		.loc 1 211 3 is_stmt 1 view .LVU97
 452              		.loc 1 211 18 is_stmt 0 view .LVU98
 453 000e 0368     		ldr	r3, [r0]
 454              		.loc 1 211 5 view .LVU99
 455 0010 B3F1804F 		cmp	r3, #1073741824
 456 0014 01D0     		beq	.L35
 457              	.LVL28:
 458              	.L32:
 212:Src/stm32f1xx_hal_msp.c ****   {
 213:Src/stm32f1xx_hal_msp.c ****   /* USER CODE BEGIN TIM2_MspInit 0 */
 214:Src/stm32f1xx_hal_msp.c **** 
 215:Src/stm32f1xx_hal_msp.c ****   /* USER CODE END TIM2_MspInit 0 */
 216:Src/stm32f1xx_hal_msp.c ****     /* Peripheral clock enable */
 217:Src/stm32f1xx_hal_msp.c ****     __HAL_RCC_TIM2_CLK_ENABLE();
 218:Src/stm32f1xx_hal_msp.c ****   
 219:Src/stm32f1xx_hal_msp.c ****     __HAL_RCC_GPIOA_CLK_ENABLE();
 220:Src/stm32f1xx_hal_msp.c ****     /**TIM2 GPIO Configuration    
 221:Src/stm32f1xx_hal_msp.c ****     PA0-WKUP     ------> TIM2_CH1
 222:Src/stm32f1xx_hal_msp.c ****     PA1     ------> TIM2_CH2 
 223:Src/stm32f1xx_hal_msp.c ****     */
 224:Src/stm32f1xx_hal_msp.c ****     GPIO_InitStruct.Pin = GPIO_PIN_0|GPIO_PIN_1;
 225:Src/stm32f1xx_hal_msp.c ****     GPIO_InitStruct.Mode = GPIO_MODE_INPUT;
 226:Src/stm32f1xx_hal_msp.c ****     GPIO_InitStruct.Pull = GPIO_PULLUP;
 227:Src/stm32f1xx_hal_msp.c ****     HAL_GPIO_Init(GPIOA, &GPIO_InitStruct);
 228:Src/stm32f1xx_hal_msp.c **** 
 229:Src/stm32f1xx_hal_msp.c ****     /* TIM2 interrupt Init */
 230:Src/stm32f1xx_hal_msp.c ****     HAL_NVIC_SetPriority(TIM2_IRQn, 0, 0);
 231:Src/stm32f1xx_hal_msp.c ****     HAL_NVIC_EnableIRQ(TIM2_IRQn);
 232:Src/stm32f1xx_hal_msp.c ****   /* USER CODE BEGIN TIM2_MspInit 1 */
 233:Src/stm32f1xx_hal_msp.c **** 
 234:Src/stm32f1xx_hal_msp.c ****   /* USER CODE END TIM2_MspInit 1 */
 235:Src/stm32f1xx_hal_msp.c ****   }
 236:Src/stm32f1xx_hal_msp.c **** 
 237:Src/stm32f1xx_hal_msp.c **** }
 459              		.loc 1 237 1 view .LVU100
 460 0016 06B0     		add	sp, sp, #24
 461              	.LCFI13:
 462              		.cfi_remember_state
 463              		.cfi_def_cfa_offset 8
 464              		@ sp needed
 465 0018 10BD     		pop	{r4, pc}
 466              	.LVL29:
 467              	.L35:
 468              	.LCFI14:
 469              		.cfi_restore_state
 217:Src/stm32f1xx_hal_msp.c ****   
 470              		.loc 1 217 5 is_stmt 1 view .LVU101
 471              	.LBB9:
 217:Src/stm32f1xx_hal_msp.c ****   
 472              		.loc 1 217 5 view .LVU102
 217:Src/stm32f1xx_hal_msp.c ****   
 473              		.loc 1 217 5 view .LVU103
 474 001a 03F50433 		add	r3, r3, #135168
 475 001e DA69     		ldr	r2, [r3, #28]
 476 0020 42F00102 		orr	r2, r2, #1
 477 0024 DA61     		str	r2, [r3, #28]
ARM GAS  C:\Users\User\AppData\Local\Temp\ccgEdNAd.s 			page 14


 217:Src/stm32f1xx_hal_msp.c ****   
 478              		.loc 1 217 5 view .LVU104
 479 0026 DA69     		ldr	r2, [r3, #28]
 480 0028 02F00102 		and	r2, r2, #1
 481 002c 0092     		str	r2, [sp]
 217:Src/stm32f1xx_hal_msp.c ****   
 482              		.loc 1 217 5 view .LVU105
 483 002e 009A     		ldr	r2, [sp]
 484              	.LBE9:
 217:Src/stm32f1xx_hal_msp.c ****   
 485              		.loc 1 217 5 view .LVU106
 219:Src/stm32f1xx_hal_msp.c ****     /**TIM2 GPIO Configuration    
 486              		.loc 1 219 5 view .LVU107
 487              	.LBB10:
 219:Src/stm32f1xx_hal_msp.c ****     /**TIM2 GPIO Configuration    
 488              		.loc 1 219 5 view .LVU108
 219:Src/stm32f1xx_hal_msp.c ****     /**TIM2 GPIO Configuration    
 489              		.loc 1 219 5 view .LVU109
 490 0030 9A69     		ldr	r2, [r3, #24]
 491 0032 42F00402 		orr	r2, r2, #4
 492 0036 9A61     		str	r2, [r3, #24]
 219:Src/stm32f1xx_hal_msp.c ****     /**TIM2 GPIO Configuration    
 493              		.loc 1 219 5 view .LVU110
 494 0038 9B69     		ldr	r3, [r3, #24]
 495 003a 03F00403 		and	r3, r3, #4
 496 003e 0193     		str	r3, [sp, #4]
 219:Src/stm32f1xx_hal_msp.c ****     /**TIM2 GPIO Configuration    
 497              		.loc 1 219 5 view .LVU111
 498 0040 019B     		ldr	r3, [sp, #4]
 499              	.LBE10:
 219:Src/stm32f1xx_hal_msp.c ****     /**TIM2 GPIO Configuration    
 500              		.loc 1 219 5 view .LVU112
 224:Src/stm32f1xx_hal_msp.c ****     GPIO_InitStruct.Mode = GPIO_MODE_INPUT;
 501              		.loc 1 224 5 view .LVU113
 224:Src/stm32f1xx_hal_msp.c ****     GPIO_InitStruct.Mode = GPIO_MODE_INPUT;
 502              		.loc 1 224 25 is_stmt 0 view .LVU114
 503 0042 0323     		movs	r3, #3
 504 0044 0293     		str	r3, [sp, #8]
 225:Src/stm32f1xx_hal_msp.c ****     GPIO_InitStruct.Pull = GPIO_PULLUP;
 505              		.loc 1 225 5 is_stmt 1 view .LVU115
 225:Src/stm32f1xx_hal_msp.c ****     GPIO_InitStruct.Pull = GPIO_PULLUP;
 506              		.loc 1 225 26 is_stmt 0 view .LVU116
 507 0046 0024     		movs	r4, #0
 508 0048 0394     		str	r4, [sp, #12]
 226:Src/stm32f1xx_hal_msp.c ****     HAL_GPIO_Init(GPIOA, &GPIO_InitStruct);
 509              		.loc 1 226 5 is_stmt 1 view .LVU117
 226:Src/stm32f1xx_hal_msp.c ****     HAL_GPIO_Init(GPIOA, &GPIO_InitStruct);
 510              		.loc 1 226 26 is_stmt 0 view .LVU118
 511 004a 0123     		movs	r3, #1
 512 004c 0493     		str	r3, [sp, #16]
 227:Src/stm32f1xx_hal_msp.c **** 
 513              		.loc 1 227 5 is_stmt 1 view .LVU119
 514 004e 02A9     		add	r1, sp, #8
 515 0050 0548     		ldr	r0, .L36
 516              	.LVL30:
 227:Src/stm32f1xx_hal_msp.c **** 
 517              		.loc 1 227 5 is_stmt 0 view .LVU120
ARM GAS  C:\Users\User\AppData\Local\Temp\ccgEdNAd.s 			page 15


 518 0052 FFF7FEFF 		bl	HAL_GPIO_Init
 519              	.LVL31:
 230:Src/stm32f1xx_hal_msp.c ****     HAL_NVIC_EnableIRQ(TIM2_IRQn);
 520              		.loc 1 230 5 is_stmt 1 view .LVU121
 521 0056 2246     		mov	r2, r4
 522 0058 2146     		mov	r1, r4
 523 005a 1C20     		movs	r0, #28
 524 005c FFF7FEFF 		bl	HAL_NVIC_SetPriority
 525              	.LVL32:
 231:Src/stm32f1xx_hal_msp.c ****   /* USER CODE BEGIN TIM2_MspInit 1 */
 526              		.loc 1 231 5 view .LVU122
 527 0060 1C20     		movs	r0, #28
 528 0062 FFF7FEFF 		bl	HAL_NVIC_EnableIRQ
 529              	.LVL33:
 530              		.loc 1 237 1 is_stmt 0 view .LVU123
 531 0066 D6E7     		b	.L32
 532              	.L37:
 533              		.align	2
 534              	.L36:
 535 0068 00080140 		.word	1073809408
 536              		.cfi_endproc
 537              	.LFE73:
 539              		.section	.text.HAL_TIM_Base_MspInit,"ax",%progbits
 540              		.align	1
 541              		.global	HAL_TIM_Base_MspInit
 542              		.syntax unified
 543              		.thumb
 544              		.thumb_func
 545              		.fpu softvfp
 547              	HAL_TIM_Base_MspInit:
 548              	.LVL34:
 549              	.LFB74:
 238:Src/stm32f1xx_hal_msp.c **** 
 239:Src/stm32f1xx_hal_msp.c **** /**
 240:Src/stm32f1xx_hal_msp.c **** * @brief TIM_Base MSP Initialization
 241:Src/stm32f1xx_hal_msp.c **** * This function configures the hardware resources used in this example
 242:Src/stm32f1xx_hal_msp.c **** * @param htim_base: TIM_Base handle pointer
 243:Src/stm32f1xx_hal_msp.c **** * @retval None
 244:Src/stm32f1xx_hal_msp.c **** */
 245:Src/stm32f1xx_hal_msp.c **** void HAL_TIM_Base_MspInit(TIM_HandleTypeDef* htim_base)
 246:Src/stm32f1xx_hal_msp.c **** {
 550              		.loc 1 246 1 is_stmt 1 view -0
 551              		.cfi_startproc
 552              		@ args = 0, pretend = 0, frame = 8
 553              		@ frame_needed = 0, uses_anonymous_args = 0
 554              		.loc 1 246 1 is_stmt 0 view .LVU125
 555 0000 00B5     		push	{lr}
 556              	.LCFI15:
 557              		.cfi_def_cfa_offset 4
 558              		.cfi_offset 14, -4
 559 0002 83B0     		sub	sp, sp, #12
 560              	.LCFI16:
 561              		.cfi_def_cfa_offset 16
 247:Src/stm32f1xx_hal_msp.c ****   if(htim_base->Instance==TIM3)
 562              		.loc 1 247 3 is_stmt 1 view .LVU126
 563              		.loc 1 247 15 is_stmt 0 view .LVU127
 564 0004 0368     		ldr	r3, [r0]
ARM GAS  C:\Users\User\AppData\Local\Temp\ccgEdNAd.s 			page 16


 565              		.loc 1 247 5 view .LVU128
 566 0006 174A     		ldr	r2, .L44
 567 0008 9342     		cmp	r3, r2
 568 000a 05D0     		beq	.L42
 248:Src/stm32f1xx_hal_msp.c ****   {
 249:Src/stm32f1xx_hal_msp.c ****   /* USER CODE BEGIN TIM3_MspInit 0 */
 250:Src/stm32f1xx_hal_msp.c **** 
 251:Src/stm32f1xx_hal_msp.c ****   /* USER CODE END TIM3_MspInit 0 */
 252:Src/stm32f1xx_hal_msp.c ****     /* Peripheral clock enable */
 253:Src/stm32f1xx_hal_msp.c ****     __HAL_RCC_TIM3_CLK_ENABLE();
 254:Src/stm32f1xx_hal_msp.c ****     /* TIM3 interrupt Init */
 255:Src/stm32f1xx_hal_msp.c ****     HAL_NVIC_SetPriority(TIM3_IRQn, 0, 0);
 256:Src/stm32f1xx_hal_msp.c ****     HAL_NVIC_EnableIRQ(TIM3_IRQn);
 257:Src/stm32f1xx_hal_msp.c ****   /* USER CODE BEGIN TIM3_MspInit 1 */
 258:Src/stm32f1xx_hal_msp.c **** 
 259:Src/stm32f1xx_hal_msp.c ****   /* USER CODE END TIM3_MspInit 1 */
 260:Src/stm32f1xx_hal_msp.c ****   }
 261:Src/stm32f1xx_hal_msp.c ****   else if(htim_base->Instance==TIM4)
 569              		.loc 1 261 8 is_stmt 1 view .LVU129
 570              		.loc 1 261 10 is_stmt 0 view .LVU130
 571 000c 164A     		ldr	r2, .L44+4
 572 000e 9342     		cmp	r3, r2
 573 0010 15D0     		beq	.L43
 574              	.LVL35:
 575              	.L38:
 262:Src/stm32f1xx_hal_msp.c ****   {
 263:Src/stm32f1xx_hal_msp.c ****   /* USER CODE BEGIN TIM4_MspInit 0 */
 264:Src/stm32f1xx_hal_msp.c **** 
 265:Src/stm32f1xx_hal_msp.c ****   /* USER CODE END TIM4_MspInit 0 */
 266:Src/stm32f1xx_hal_msp.c ****     /* Peripheral clock enable */
 267:Src/stm32f1xx_hal_msp.c ****     __HAL_RCC_TIM4_CLK_ENABLE();
 268:Src/stm32f1xx_hal_msp.c ****     /* TIM4 interrupt Init */
 269:Src/stm32f1xx_hal_msp.c ****     HAL_NVIC_SetPriority(TIM4_IRQn, 0, 0);
 270:Src/stm32f1xx_hal_msp.c ****     HAL_NVIC_EnableIRQ(TIM4_IRQn);
 271:Src/stm32f1xx_hal_msp.c ****   /* USER CODE BEGIN TIM4_MspInit 1 */
 272:Src/stm32f1xx_hal_msp.c **** 
 273:Src/stm32f1xx_hal_msp.c ****   /* USER CODE END TIM4_MspInit 1 */
 274:Src/stm32f1xx_hal_msp.c ****   }
 275:Src/stm32f1xx_hal_msp.c **** 
 276:Src/stm32f1xx_hal_msp.c **** }
 576              		.loc 1 276 1 view .LVU131
 577 0012 03B0     		add	sp, sp, #12
 578              	.LCFI17:
 579              		.cfi_remember_state
 580              		.cfi_def_cfa_offset 4
 581              		@ sp needed
 582 0014 5DF804FB 		ldr	pc, [sp], #4
 583              	.LVL36:
 584              	.L42:
 585              	.LCFI18:
 586              		.cfi_restore_state
 253:Src/stm32f1xx_hal_msp.c ****     /* TIM3 interrupt Init */
 587              		.loc 1 253 5 is_stmt 1 view .LVU132
 588              	.LBB11:
 253:Src/stm32f1xx_hal_msp.c ****     /* TIM3 interrupt Init */
 589              		.loc 1 253 5 view .LVU133
 253:Src/stm32f1xx_hal_msp.c ****     /* TIM3 interrupt Init */
ARM GAS  C:\Users\User\AppData\Local\Temp\ccgEdNAd.s 			page 17


 590              		.loc 1 253 5 view .LVU134
 591 0018 144B     		ldr	r3, .L44+8
 592 001a DA69     		ldr	r2, [r3, #28]
 593 001c 42F00202 		orr	r2, r2, #2
 594 0020 DA61     		str	r2, [r3, #28]
 253:Src/stm32f1xx_hal_msp.c ****     /* TIM3 interrupt Init */
 595              		.loc 1 253 5 view .LVU135
 596 0022 DB69     		ldr	r3, [r3, #28]
 597 0024 03F00203 		and	r3, r3, #2
 598 0028 0093     		str	r3, [sp]
 253:Src/stm32f1xx_hal_msp.c ****     /* TIM3 interrupt Init */
 599              		.loc 1 253 5 view .LVU136
 600 002a 009B     		ldr	r3, [sp]
 601              	.LBE11:
 253:Src/stm32f1xx_hal_msp.c ****     /* TIM3 interrupt Init */
 602              		.loc 1 253 5 view .LVU137
 255:Src/stm32f1xx_hal_msp.c ****     HAL_NVIC_EnableIRQ(TIM3_IRQn);
 603              		.loc 1 255 5 view .LVU138
 604 002c 0022     		movs	r2, #0
 605 002e 1146     		mov	r1, r2
 606 0030 1D20     		movs	r0, #29
 607              	.LVL37:
 255:Src/stm32f1xx_hal_msp.c ****     HAL_NVIC_EnableIRQ(TIM3_IRQn);
 608              		.loc 1 255 5 is_stmt 0 view .LVU139
 609 0032 FFF7FEFF 		bl	HAL_NVIC_SetPriority
 610              	.LVL38:
 256:Src/stm32f1xx_hal_msp.c ****   /* USER CODE BEGIN TIM3_MspInit 1 */
 611              		.loc 1 256 5 is_stmt 1 view .LVU140
 612 0036 1D20     		movs	r0, #29
 613 0038 FFF7FEFF 		bl	HAL_NVIC_EnableIRQ
 614              	.LVL39:
 615 003c E9E7     		b	.L38
 616              	.LVL40:
 617              	.L43:
 267:Src/stm32f1xx_hal_msp.c ****     /* TIM4 interrupt Init */
 618              		.loc 1 267 5 view .LVU141
 619              	.LBB12:
 267:Src/stm32f1xx_hal_msp.c ****     /* TIM4 interrupt Init */
 620              		.loc 1 267 5 view .LVU142
 267:Src/stm32f1xx_hal_msp.c ****     /* TIM4 interrupt Init */
 621              		.loc 1 267 5 view .LVU143
 622 003e 0B4B     		ldr	r3, .L44+8
 623 0040 DA69     		ldr	r2, [r3, #28]
 624 0042 42F00402 		orr	r2, r2, #4
 625 0046 DA61     		str	r2, [r3, #28]
 267:Src/stm32f1xx_hal_msp.c ****     /* TIM4 interrupt Init */
 626              		.loc 1 267 5 view .LVU144
 627 0048 DB69     		ldr	r3, [r3, #28]
 628 004a 03F00403 		and	r3, r3, #4
 629 004e 0193     		str	r3, [sp, #4]
 267:Src/stm32f1xx_hal_msp.c ****     /* TIM4 interrupt Init */
 630              		.loc 1 267 5 view .LVU145
 631 0050 019B     		ldr	r3, [sp, #4]
 632              	.LBE12:
 267:Src/stm32f1xx_hal_msp.c ****     /* TIM4 interrupt Init */
 633              		.loc 1 267 5 view .LVU146
 269:Src/stm32f1xx_hal_msp.c ****     HAL_NVIC_EnableIRQ(TIM4_IRQn);
ARM GAS  C:\Users\User\AppData\Local\Temp\ccgEdNAd.s 			page 18


 634              		.loc 1 269 5 view .LVU147
 635 0052 0022     		movs	r2, #0
 636 0054 1146     		mov	r1, r2
 637 0056 1E20     		movs	r0, #30
 638              	.LVL41:
 269:Src/stm32f1xx_hal_msp.c ****     HAL_NVIC_EnableIRQ(TIM4_IRQn);
 639              		.loc 1 269 5 is_stmt 0 view .LVU148
 640 0058 FFF7FEFF 		bl	HAL_NVIC_SetPriority
 641              	.LVL42:
 270:Src/stm32f1xx_hal_msp.c ****   /* USER CODE BEGIN TIM4_MspInit 1 */
 642              		.loc 1 270 5 is_stmt 1 view .LVU149
 643 005c 1E20     		movs	r0, #30
 644 005e FFF7FEFF 		bl	HAL_NVIC_EnableIRQ
 645              	.LVL43:
 646              		.loc 1 276 1 is_stmt 0 view .LVU150
 647 0062 D6E7     		b	.L38
 648              	.L45:
 649              		.align	2
 650              	.L44:
 651 0064 00040040 		.word	1073742848
 652 0068 00080040 		.word	1073743872
 653 006c 00100240 		.word	1073876992
 654              		.cfi_endproc
 655              	.LFE74:
 657              		.section	.text.HAL_TIM_Encoder_MspDeInit,"ax",%progbits
 658              		.align	1
 659              		.global	HAL_TIM_Encoder_MspDeInit
 660              		.syntax unified
 661              		.thumb
 662              		.thumb_func
 663              		.fpu softvfp
 665              	HAL_TIM_Encoder_MspDeInit:
 666              	.LVL44:
 667              	.LFB75:
 277:Src/stm32f1xx_hal_msp.c **** 
 278:Src/stm32f1xx_hal_msp.c **** /**
 279:Src/stm32f1xx_hal_msp.c **** * @brief TIM_Encoder MSP De-Initialization
 280:Src/stm32f1xx_hal_msp.c **** * This function freeze the hardware resources used in this example
 281:Src/stm32f1xx_hal_msp.c **** * @param htim_encoder: TIM_Encoder handle pointer
 282:Src/stm32f1xx_hal_msp.c **** * @retval None
 283:Src/stm32f1xx_hal_msp.c **** */
 284:Src/stm32f1xx_hal_msp.c **** void HAL_TIM_Encoder_MspDeInit(TIM_HandleTypeDef* htim_encoder)
 285:Src/stm32f1xx_hal_msp.c **** {
 668              		.loc 1 285 1 is_stmt 1 view -0
 669              		.cfi_startproc
 670              		@ args = 0, pretend = 0, frame = 0
 671              		@ frame_needed = 0, uses_anonymous_args = 0
 672              		.loc 1 285 1 is_stmt 0 view .LVU152
 673 0000 08B5     		push	{r3, lr}
 674              	.LCFI19:
 675              		.cfi_def_cfa_offset 8
 676              		.cfi_offset 3, -8
 677              		.cfi_offset 14, -4
 286:Src/stm32f1xx_hal_msp.c ****   if(htim_encoder->Instance==TIM2)
 678              		.loc 1 286 3 is_stmt 1 view .LVU153
 679              		.loc 1 286 18 is_stmt 0 view .LVU154
 680 0002 0368     		ldr	r3, [r0]
ARM GAS  C:\Users\User\AppData\Local\Temp\ccgEdNAd.s 			page 19


 681              		.loc 1 286 5 view .LVU155
 682 0004 B3F1804F 		cmp	r3, #1073741824
 683 0008 00D0     		beq	.L49
 684              	.LVL45:
 685              	.L46:
 287:Src/stm32f1xx_hal_msp.c ****   {
 288:Src/stm32f1xx_hal_msp.c ****   /* USER CODE BEGIN TIM2_MspDeInit 0 */
 289:Src/stm32f1xx_hal_msp.c **** 
 290:Src/stm32f1xx_hal_msp.c ****   /* USER CODE END TIM2_MspDeInit 0 */
 291:Src/stm32f1xx_hal_msp.c ****     /* Peripheral clock disable */
 292:Src/stm32f1xx_hal_msp.c ****     __HAL_RCC_TIM2_CLK_DISABLE();
 293:Src/stm32f1xx_hal_msp.c ****   
 294:Src/stm32f1xx_hal_msp.c ****     /**TIM2 GPIO Configuration    
 295:Src/stm32f1xx_hal_msp.c ****     PA0-WKUP     ------> TIM2_CH1
 296:Src/stm32f1xx_hal_msp.c ****     PA1     ------> TIM2_CH2 
 297:Src/stm32f1xx_hal_msp.c ****     */
 298:Src/stm32f1xx_hal_msp.c ****     HAL_GPIO_DeInit(GPIOA, GPIO_PIN_0|GPIO_PIN_1);
 299:Src/stm32f1xx_hal_msp.c **** 
 300:Src/stm32f1xx_hal_msp.c ****     /* TIM2 interrupt DeInit */
 301:Src/stm32f1xx_hal_msp.c ****     HAL_NVIC_DisableIRQ(TIM2_IRQn);
 302:Src/stm32f1xx_hal_msp.c ****   /* USER CODE BEGIN TIM2_MspDeInit 1 */
 303:Src/stm32f1xx_hal_msp.c **** 
 304:Src/stm32f1xx_hal_msp.c ****   /* USER CODE END TIM2_MspDeInit 1 */
 305:Src/stm32f1xx_hal_msp.c ****   }
 306:Src/stm32f1xx_hal_msp.c **** 
 307:Src/stm32f1xx_hal_msp.c **** }
 686              		.loc 1 307 1 view .LVU156
 687 000a 08BD     		pop	{r3, pc}
 688              	.LVL46:
 689              	.L49:
 292:Src/stm32f1xx_hal_msp.c ****   
 690              		.loc 1 292 5 is_stmt 1 view .LVU157
 691 000c 064A     		ldr	r2, .L50
 692 000e D369     		ldr	r3, [r2, #28]
 693 0010 23F00103 		bic	r3, r3, #1
 694 0014 D361     		str	r3, [r2, #28]
 298:Src/stm32f1xx_hal_msp.c **** 
 695              		.loc 1 298 5 view .LVU158
 696 0016 0321     		movs	r1, #3
 697 0018 0448     		ldr	r0, .L50+4
 698              	.LVL47:
 298:Src/stm32f1xx_hal_msp.c **** 
 699              		.loc 1 298 5 is_stmt 0 view .LVU159
 700 001a FFF7FEFF 		bl	HAL_GPIO_DeInit
 701              	.LVL48:
 301:Src/stm32f1xx_hal_msp.c ****   /* USER CODE BEGIN TIM2_MspDeInit 1 */
 702              		.loc 1 301 5 is_stmt 1 view .LVU160
 703 001e 1C20     		movs	r0, #28
 704 0020 FFF7FEFF 		bl	HAL_NVIC_DisableIRQ
 705              	.LVL49:
 706              		.loc 1 307 1 is_stmt 0 view .LVU161
 707 0024 F1E7     		b	.L46
 708              	.L51:
 709 0026 00BF     		.align	2
 710              	.L50:
 711 0028 00100240 		.word	1073876992
 712 002c 00080140 		.word	1073809408
ARM GAS  C:\Users\User\AppData\Local\Temp\ccgEdNAd.s 			page 20


 713              		.cfi_endproc
 714              	.LFE75:
 716              		.section	.text.HAL_TIM_Base_MspDeInit,"ax",%progbits
 717              		.align	1
 718              		.global	HAL_TIM_Base_MspDeInit
 719              		.syntax unified
 720              		.thumb
 721              		.thumb_func
 722              		.fpu softvfp
 724              	HAL_TIM_Base_MspDeInit:
 725              	.LVL50:
 726              	.LFB76:
 308:Src/stm32f1xx_hal_msp.c **** 
 309:Src/stm32f1xx_hal_msp.c **** /**
 310:Src/stm32f1xx_hal_msp.c **** * @brief TIM_Base MSP De-Initialization
 311:Src/stm32f1xx_hal_msp.c **** * This function freeze the hardware resources used in this example
 312:Src/stm32f1xx_hal_msp.c **** * @param htim_base: TIM_Base handle pointer
 313:Src/stm32f1xx_hal_msp.c **** * @retval None
 314:Src/stm32f1xx_hal_msp.c **** */
 315:Src/stm32f1xx_hal_msp.c **** void HAL_TIM_Base_MspDeInit(TIM_HandleTypeDef* htim_base)
 316:Src/stm32f1xx_hal_msp.c **** {
 727              		.loc 1 316 1 is_stmt 1 view -0
 728              		.cfi_startproc
 729              		@ args = 0, pretend = 0, frame = 0
 730              		@ frame_needed = 0, uses_anonymous_args = 0
 731              		.loc 1 316 1 is_stmt 0 view .LVU163
 732 0000 08B5     		push	{r3, lr}
 733              	.LCFI20:
 734              		.cfi_def_cfa_offset 8
 735              		.cfi_offset 3, -8
 736              		.cfi_offset 14, -4
 317:Src/stm32f1xx_hal_msp.c ****   if(htim_base->Instance==TIM3)
 737              		.loc 1 317 3 is_stmt 1 view .LVU164
 738              		.loc 1 317 15 is_stmt 0 view .LVU165
 739 0002 0368     		ldr	r3, [r0]
 740              		.loc 1 317 5 view .LVU166
 741 0004 0D4A     		ldr	r2, .L58
 742 0006 9342     		cmp	r3, r2
 743 0008 03D0     		beq	.L56
 318:Src/stm32f1xx_hal_msp.c ****   {
 319:Src/stm32f1xx_hal_msp.c ****   /* USER CODE BEGIN TIM3_MspDeInit 0 */
 320:Src/stm32f1xx_hal_msp.c **** 
 321:Src/stm32f1xx_hal_msp.c ****   /* USER CODE END TIM3_MspDeInit 0 */
 322:Src/stm32f1xx_hal_msp.c ****     /* Peripheral clock disable */
 323:Src/stm32f1xx_hal_msp.c ****     __HAL_RCC_TIM3_CLK_DISABLE();
 324:Src/stm32f1xx_hal_msp.c **** 
 325:Src/stm32f1xx_hal_msp.c ****     /* TIM3 interrupt DeInit */
 326:Src/stm32f1xx_hal_msp.c ****     HAL_NVIC_DisableIRQ(TIM3_IRQn);
 327:Src/stm32f1xx_hal_msp.c ****   /* USER CODE BEGIN TIM3_MspDeInit 1 */
 328:Src/stm32f1xx_hal_msp.c **** 
 329:Src/stm32f1xx_hal_msp.c ****   /* USER CODE END TIM3_MspDeInit 1 */
 330:Src/stm32f1xx_hal_msp.c ****   }
 331:Src/stm32f1xx_hal_msp.c ****   else if(htim_base->Instance==TIM4)
 744              		.loc 1 331 8 is_stmt 1 view .LVU167
 745              		.loc 1 331 10 is_stmt 0 view .LVU168
 746 000a 0D4A     		ldr	r2, .L58+4
 747 000c 9342     		cmp	r3, r2
ARM GAS  C:\Users\User\AppData\Local\Temp\ccgEdNAd.s 			page 21


 748 000e 0AD0     		beq	.L57
 749              	.LVL51:
 750              	.L52:
 332:Src/stm32f1xx_hal_msp.c ****   {
 333:Src/stm32f1xx_hal_msp.c ****   /* USER CODE BEGIN TIM4_MspDeInit 0 */
 334:Src/stm32f1xx_hal_msp.c **** 
 335:Src/stm32f1xx_hal_msp.c ****   /* USER CODE END TIM4_MspDeInit 0 */
 336:Src/stm32f1xx_hal_msp.c ****     /* Peripheral clock disable */
 337:Src/stm32f1xx_hal_msp.c ****     __HAL_RCC_TIM4_CLK_DISABLE();
 338:Src/stm32f1xx_hal_msp.c **** 
 339:Src/stm32f1xx_hal_msp.c ****     /* TIM4 interrupt DeInit */
 340:Src/stm32f1xx_hal_msp.c ****     HAL_NVIC_DisableIRQ(TIM4_IRQn);
 341:Src/stm32f1xx_hal_msp.c ****   /* USER CODE BEGIN TIM4_MspDeInit 1 */
 342:Src/stm32f1xx_hal_msp.c **** 
 343:Src/stm32f1xx_hal_msp.c ****   /* USER CODE END TIM4_MspDeInit 1 */
 344:Src/stm32f1xx_hal_msp.c ****   }
 345:Src/stm32f1xx_hal_msp.c **** 
 346:Src/stm32f1xx_hal_msp.c **** }
 751              		.loc 1 346 1 view .LVU169
 752 0010 08BD     		pop	{r3, pc}
 753              	.LVL52:
 754              	.L56:
 323:Src/stm32f1xx_hal_msp.c **** 
 755              		.loc 1 323 5 is_stmt 1 view .LVU170
 756 0012 02F50332 		add	r2, r2, #134144
 757 0016 D369     		ldr	r3, [r2, #28]
 758 0018 23F00203 		bic	r3, r3, #2
 759 001c D361     		str	r3, [r2, #28]
 326:Src/stm32f1xx_hal_msp.c ****   /* USER CODE BEGIN TIM3_MspDeInit 1 */
 760              		.loc 1 326 5 view .LVU171
 761 001e 1D20     		movs	r0, #29
 762              	.LVL53:
 326:Src/stm32f1xx_hal_msp.c ****   /* USER CODE BEGIN TIM3_MspDeInit 1 */
 763              		.loc 1 326 5 is_stmt 0 view .LVU172
 764 0020 FFF7FEFF 		bl	HAL_NVIC_DisableIRQ
 765              	.LVL54:
 766 0024 F4E7     		b	.L52
 767              	.LVL55:
 768              	.L57:
 337:Src/stm32f1xx_hal_msp.c **** 
 769              		.loc 1 337 5 is_stmt 1 view .LVU173
 770 0026 02F50232 		add	r2, r2, #133120
 771 002a D369     		ldr	r3, [r2, #28]
 772 002c 23F00403 		bic	r3, r3, #4
 773 0030 D361     		str	r3, [r2, #28]
 340:Src/stm32f1xx_hal_msp.c ****   /* USER CODE BEGIN TIM4_MspDeInit 1 */
 774              		.loc 1 340 5 view .LVU174
 775 0032 1E20     		movs	r0, #30
 776              	.LVL56:
 340:Src/stm32f1xx_hal_msp.c ****   /* USER CODE BEGIN TIM4_MspDeInit 1 */
 777              		.loc 1 340 5 is_stmt 0 view .LVU175
 778 0034 FFF7FEFF 		bl	HAL_NVIC_DisableIRQ
 779              	.LVL57:
 780              		.loc 1 346 1 view .LVU176
 781 0038 EAE7     		b	.L52
 782              	.L59:
 783 003a 00BF     		.align	2
ARM GAS  C:\Users\User\AppData\Local\Temp\ccgEdNAd.s 			page 22


 784              	.L58:
 785 003c 00040040 		.word	1073742848
 786 0040 00080040 		.word	1073743872
 787              		.cfi_endproc
 788              	.LFE76:
 790              		.section	.text.HAL_UART_MspInit,"ax",%progbits
 791              		.align	1
 792              		.global	HAL_UART_MspInit
 793              		.syntax unified
 794              		.thumb
 795              		.thumb_func
 796              		.fpu softvfp
 798              	HAL_UART_MspInit:
 799              	.LVL58:
 800              	.LFB77:
 347:Src/stm32f1xx_hal_msp.c **** 
 348:Src/stm32f1xx_hal_msp.c **** /**
 349:Src/stm32f1xx_hal_msp.c **** * @brief UART MSP Initialization
 350:Src/stm32f1xx_hal_msp.c **** * This function configures the hardware resources used in this example
 351:Src/stm32f1xx_hal_msp.c **** * @param huart: UART handle pointer
 352:Src/stm32f1xx_hal_msp.c **** * @retval None
 353:Src/stm32f1xx_hal_msp.c **** */
 354:Src/stm32f1xx_hal_msp.c **** void HAL_UART_MspInit(UART_HandleTypeDef* huart)
 355:Src/stm32f1xx_hal_msp.c **** {
 801              		.loc 1 355 1 is_stmt 1 view -0
 802              		.cfi_startproc
 803              		@ args = 0, pretend = 0, frame = 40
 804              		@ frame_needed = 0, uses_anonymous_args = 0
 805              		.loc 1 355 1 is_stmt 0 view .LVU178
 806 0000 30B5     		push	{r4, r5, lr}
 807              	.LCFI21:
 808              		.cfi_def_cfa_offset 12
 809              		.cfi_offset 4, -12
 810              		.cfi_offset 5, -8
 811              		.cfi_offset 14, -4
 812 0002 8BB0     		sub	sp, sp, #44
 813              	.LCFI22:
 814              		.cfi_def_cfa_offset 56
 356:Src/stm32f1xx_hal_msp.c ****   GPIO_InitTypeDef GPIO_InitStruct = {0};
 815              		.loc 1 356 3 is_stmt 1 view .LVU179
 816              		.loc 1 356 20 is_stmt 0 view .LVU180
 817 0004 0023     		movs	r3, #0
 818 0006 0693     		str	r3, [sp, #24]
 819 0008 0793     		str	r3, [sp, #28]
 820 000a 0893     		str	r3, [sp, #32]
 821 000c 0993     		str	r3, [sp, #36]
 357:Src/stm32f1xx_hal_msp.c ****   if(huart->Instance==USART1)
 822              		.loc 1 357 3 is_stmt 1 view .LVU181
 823              		.loc 1 357 11 is_stmt 0 view .LVU182
 824 000e 0368     		ldr	r3, [r0]
 825              		.loc 1 357 5 view .LVU183
 826 0010 4B4A     		ldr	r2, .L68
 827 0012 9342     		cmp	r3, r2
 828 0014 07D0     		beq	.L65
 358:Src/stm32f1xx_hal_msp.c ****   {
 359:Src/stm32f1xx_hal_msp.c ****   /* USER CODE BEGIN USART1_MspInit 0 */
 360:Src/stm32f1xx_hal_msp.c **** 
ARM GAS  C:\Users\User\AppData\Local\Temp\ccgEdNAd.s 			page 23


 361:Src/stm32f1xx_hal_msp.c ****   /* USER CODE END USART1_MspInit 0 */
 362:Src/stm32f1xx_hal_msp.c ****     /* Peripheral clock enable */
 363:Src/stm32f1xx_hal_msp.c ****     __HAL_RCC_USART1_CLK_ENABLE();
 364:Src/stm32f1xx_hal_msp.c ****   
 365:Src/stm32f1xx_hal_msp.c ****     __HAL_RCC_GPIOA_CLK_ENABLE();
 366:Src/stm32f1xx_hal_msp.c ****     /**USART1 GPIO Configuration    
 367:Src/stm32f1xx_hal_msp.c ****     PA9     ------> USART1_TX
 368:Src/stm32f1xx_hal_msp.c ****     PA10     ------> USART1_RX 
 369:Src/stm32f1xx_hal_msp.c ****     */
 370:Src/stm32f1xx_hal_msp.c ****     GPIO_InitStruct.Pin = GPIO_PIN_9;
 371:Src/stm32f1xx_hal_msp.c ****     GPIO_InitStruct.Mode = GPIO_MODE_AF_PP;
 372:Src/stm32f1xx_hal_msp.c ****     GPIO_InitStruct.Speed = GPIO_SPEED_FREQ_HIGH;
 373:Src/stm32f1xx_hal_msp.c ****     HAL_GPIO_Init(GPIOA, &GPIO_InitStruct);
 374:Src/stm32f1xx_hal_msp.c **** 
 375:Src/stm32f1xx_hal_msp.c ****     GPIO_InitStruct.Pin = GPIO_PIN_10;
 376:Src/stm32f1xx_hal_msp.c ****     GPIO_InitStruct.Mode = GPIO_MODE_INPUT;
 377:Src/stm32f1xx_hal_msp.c ****     GPIO_InitStruct.Pull = GPIO_NOPULL;
 378:Src/stm32f1xx_hal_msp.c ****     HAL_GPIO_Init(GPIOA, &GPIO_InitStruct);
 379:Src/stm32f1xx_hal_msp.c **** 
 380:Src/stm32f1xx_hal_msp.c ****     /* USART1 interrupt Init */
 381:Src/stm32f1xx_hal_msp.c ****     HAL_NVIC_SetPriority(USART1_IRQn, 0, 0);
 382:Src/stm32f1xx_hal_msp.c ****     HAL_NVIC_EnableIRQ(USART1_IRQn);
 383:Src/stm32f1xx_hal_msp.c ****   /* USER CODE BEGIN USART1_MspInit 1 */
 384:Src/stm32f1xx_hal_msp.c **** 
 385:Src/stm32f1xx_hal_msp.c ****   /* USER CODE END USART1_MspInit 1 */
 386:Src/stm32f1xx_hal_msp.c ****   }
 387:Src/stm32f1xx_hal_msp.c ****   else if(huart->Instance==USART2)
 829              		.loc 1 387 8 is_stmt 1 view .LVU184
 830              		.loc 1 387 10 is_stmt 0 view .LVU185
 831 0016 4B4A     		ldr	r2, .L68+4
 832 0018 9342     		cmp	r3, r2
 833 001a 36D0     		beq	.L66
 388:Src/stm32f1xx_hal_msp.c ****   {
 389:Src/stm32f1xx_hal_msp.c ****   /* USER CODE BEGIN USART2_MspInit 0 */
 390:Src/stm32f1xx_hal_msp.c **** 
 391:Src/stm32f1xx_hal_msp.c ****   /* USER CODE END USART2_MspInit 0 */
 392:Src/stm32f1xx_hal_msp.c ****     /* Peripheral clock enable */
 393:Src/stm32f1xx_hal_msp.c ****     __HAL_RCC_USART2_CLK_ENABLE();
 394:Src/stm32f1xx_hal_msp.c ****   
 395:Src/stm32f1xx_hal_msp.c ****     __HAL_RCC_GPIOA_CLK_ENABLE();
 396:Src/stm32f1xx_hal_msp.c ****     /**USART2 GPIO Configuration    
 397:Src/stm32f1xx_hal_msp.c ****     PA2     ------> USART2_TX
 398:Src/stm32f1xx_hal_msp.c ****     PA3     ------> USART2_RX 
 399:Src/stm32f1xx_hal_msp.c ****     */
 400:Src/stm32f1xx_hal_msp.c ****     GPIO_InitStruct.Pin = GPIO_PIN_2;
 401:Src/stm32f1xx_hal_msp.c ****     GPIO_InitStruct.Mode = GPIO_MODE_AF_PP;
 402:Src/stm32f1xx_hal_msp.c ****     GPIO_InitStruct.Speed = GPIO_SPEED_FREQ_HIGH;
 403:Src/stm32f1xx_hal_msp.c ****     HAL_GPIO_Init(GPIOA, &GPIO_InitStruct);
 404:Src/stm32f1xx_hal_msp.c **** 
 405:Src/stm32f1xx_hal_msp.c ****     GPIO_InitStruct.Pin = GPIO_PIN_3;
 406:Src/stm32f1xx_hal_msp.c ****     GPIO_InitStruct.Mode = GPIO_MODE_INPUT;
 407:Src/stm32f1xx_hal_msp.c ****     GPIO_InitStruct.Pull = GPIO_NOPULL;
 408:Src/stm32f1xx_hal_msp.c ****     HAL_GPIO_Init(GPIOA, &GPIO_InitStruct);
 409:Src/stm32f1xx_hal_msp.c **** 
 410:Src/stm32f1xx_hal_msp.c ****   /* USER CODE BEGIN USART2_MspInit 1 */
 411:Src/stm32f1xx_hal_msp.c **** 
 412:Src/stm32f1xx_hal_msp.c ****   /* USER CODE END USART2_MspInit 1 */
ARM GAS  C:\Users\User\AppData\Local\Temp\ccgEdNAd.s 			page 24


 413:Src/stm32f1xx_hal_msp.c ****   }
 414:Src/stm32f1xx_hal_msp.c ****   else if(huart->Instance==USART3)
 834              		.loc 1 414 8 is_stmt 1 view .LVU186
 835              		.loc 1 414 10 is_stmt 0 view .LVU187
 836 001c 4A4A     		ldr	r2, .L68+8
 837 001e 9342     		cmp	r3, r2
 838 0020 5BD0     		beq	.L67
 839              	.LVL59:
 840              	.L60:
 415:Src/stm32f1xx_hal_msp.c ****   {
 416:Src/stm32f1xx_hal_msp.c ****   /* USER CODE BEGIN USART3_MspInit 0 */
 417:Src/stm32f1xx_hal_msp.c **** 
 418:Src/stm32f1xx_hal_msp.c ****   /* USER CODE END USART3_MspInit 0 */
 419:Src/stm32f1xx_hal_msp.c ****     /* Peripheral clock enable */
 420:Src/stm32f1xx_hal_msp.c ****     __HAL_RCC_USART3_CLK_ENABLE();
 421:Src/stm32f1xx_hal_msp.c ****   
 422:Src/stm32f1xx_hal_msp.c ****     __HAL_RCC_GPIOB_CLK_ENABLE();
 423:Src/stm32f1xx_hal_msp.c ****     /**USART3 GPIO Configuration    
 424:Src/stm32f1xx_hal_msp.c ****     PB10     ------> USART3_TX
 425:Src/stm32f1xx_hal_msp.c ****     PB11     ------> USART3_RX 
 426:Src/stm32f1xx_hal_msp.c ****     */
 427:Src/stm32f1xx_hal_msp.c ****     GPIO_InitStruct.Pin = GPIO_PIN_10;
 428:Src/stm32f1xx_hal_msp.c ****     GPIO_InitStruct.Mode = GPIO_MODE_AF_PP;
 429:Src/stm32f1xx_hal_msp.c ****     GPIO_InitStruct.Speed = GPIO_SPEED_FREQ_HIGH;
 430:Src/stm32f1xx_hal_msp.c ****     HAL_GPIO_Init(GPIOB, &GPIO_InitStruct);
 431:Src/stm32f1xx_hal_msp.c **** 
 432:Src/stm32f1xx_hal_msp.c ****     GPIO_InitStruct.Pin = GPIO_PIN_11;
 433:Src/stm32f1xx_hal_msp.c ****     GPIO_InitStruct.Mode = GPIO_MODE_INPUT;
 434:Src/stm32f1xx_hal_msp.c ****     GPIO_InitStruct.Pull = GPIO_NOPULL;
 435:Src/stm32f1xx_hal_msp.c ****     HAL_GPIO_Init(GPIOB, &GPIO_InitStruct);
 436:Src/stm32f1xx_hal_msp.c **** 
 437:Src/stm32f1xx_hal_msp.c ****     /* USART3 interrupt Init */
 438:Src/stm32f1xx_hal_msp.c ****     HAL_NVIC_SetPriority(USART3_IRQn, 0, 0);
 439:Src/stm32f1xx_hal_msp.c ****     HAL_NVIC_EnableIRQ(USART3_IRQn);
 440:Src/stm32f1xx_hal_msp.c ****   /* USER CODE BEGIN USART3_MspInit 1 */
 441:Src/stm32f1xx_hal_msp.c **** 
 442:Src/stm32f1xx_hal_msp.c ****   /* USER CODE END USART3_MspInit 1 */
 443:Src/stm32f1xx_hal_msp.c ****   }
 444:Src/stm32f1xx_hal_msp.c **** 
 445:Src/stm32f1xx_hal_msp.c **** }
 841              		.loc 1 445 1 view .LVU188
 842 0022 0BB0     		add	sp, sp, #44
 843              	.LCFI23:
 844              		.cfi_remember_state
 845              		.cfi_def_cfa_offset 12
 846              		@ sp needed
 847 0024 30BD     		pop	{r4, r5, pc}
 848              	.LVL60:
 849              	.L65:
 850              	.LCFI24:
 851              		.cfi_restore_state
 363:Src/stm32f1xx_hal_msp.c ****   
 852              		.loc 1 363 5 is_stmt 1 view .LVU189
 853              	.LBB13:
 363:Src/stm32f1xx_hal_msp.c ****   
 854              		.loc 1 363 5 view .LVU190
 363:Src/stm32f1xx_hal_msp.c ****   
ARM GAS  C:\Users\User\AppData\Local\Temp\ccgEdNAd.s 			page 25


 855              		.loc 1 363 5 view .LVU191
 856 0026 494B     		ldr	r3, .L68+12
 857 0028 9A69     		ldr	r2, [r3, #24]
 858 002a 42F48042 		orr	r2, r2, #16384
 859 002e 9A61     		str	r2, [r3, #24]
 363:Src/stm32f1xx_hal_msp.c ****   
 860              		.loc 1 363 5 view .LVU192
 861 0030 9A69     		ldr	r2, [r3, #24]
 862 0032 02F48042 		and	r2, r2, #16384
 863 0036 0092     		str	r2, [sp]
 363:Src/stm32f1xx_hal_msp.c ****   
 864              		.loc 1 363 5 view .LVU193
 865 0038 009A     		ldr	r2, [sp]
 866              	.LBE13:
 363:Src/stm32f1xx_hal_msp.c ****   
 867              		.loc 1 363 5 view .LVU194
 365:Src/stm32f1xx_hal_msp.c ****     /**USART1 GPIO Configuration    
 868              		.loc 1 365 5 view .LVU195
 869              	.LBB14:
 365:Src/stm32f1xx_hal_msp.c ****     /**USART1 GPIO Configuration    
 870              		.loc 1 365 5 view .LVU196
 365:Src/stm32f1xx_hal_msp.c ****     /**USART1 GPIO Configuration    
 871              		.loc 1 365 5 view .LVU197
 872 003a 9A69     		ldr	r2, [r3, #24]
 873 003c 42F00402 		orr	r2, r2, #4
 874 0040 9A61     		str	r2, [r3, #24]
 365:Src/stm32f1xx_hal_msp.c ****     /**USART1 GPIO Configuration    
 875              		.loc 1 365 5 view .LVU198
 876 0042 9B69     		ldr	r3, [r3, #24]
 877 0044 03F00403 		and	r3, r3, #4
 878 0048 0193     		str	r3, [sp, #4]
 365:Src/stm32f1xx_hal_msp.c ****     /**USART1 GPIO Configuration    
 879              		.loc 1 365 5 view .LVU199
 880 004a 019B     		ldr	r3, [sp, #4]
 881              	.LBE14:
 365:Src/stm32f1xx_hal_msp.c ****     /**USART1 GPIO Configuration    
 882              		.loc 1 365 5 view .LVU200
 370:Src/stm32f1xx_hal_msp.c ****     GPIO_InitStruct.Mode = GPIO_MODE_AF_PP;
 883              		.loc 1 370 5 view .LVU201
 370:Src/stm32f1xx_hal_msp.c ****     GPIO_InitStruct.Mode = GPIO_MODE_AF_PP;
 884              		.loc 1 370 25 is_stmt 0 view .LVU202
 885 004c 4FF40073 		mov	r3, #512
 886 0050 0693     		str	r3, [sp, #24]
 371:Src/stm32f1xx_hal_msp.c ****     GPIO_InitStruct.Speed = GPIO_SPEED_FREQ_HIGH;
 887              		.loc 1 371 5 is_stmt 1 view .LVU203
 371:Src/stm32f1xx_hal_msp.c ****     GPIO_InitStruct.Speed = GPIO_SPEED_FREQ_HIGH;
 888              		.loc 1 371 26 is_stmt 0 view .LVU204
 889 0052 0223     		movs	r3, #2
 890 0054 0793     		str	r3, [sp, #28]
 372:Src/stm32f1xx_hal_msp.c ****     HAL_GPIO_Init(GPIOA, &GPIO_InitStruct);
 891              		.loc 1 372 5 is_stmt 1 view .LVU205
 372:Src/stm32f1xx_hal_msp.c ****     HAL_GPIO_Init(GPIOA, &GPIO_InitStruct);
 892              		.loc 1 372 27 is_stmt 0 view .LVU206
 893 0056 0323     		movs	r3, #3
 894 0058 0993     		str	r3, [sp, #36]
 373:Src/stm32f1xx_hal_msp.c **** 
 895              		.loc 1 373 5 is_stmt 1 view .LVU207
ARM GAS  C:\Users\User\AppData\Local\Temp\ccgEdNAd.s 			page 26


 896 005a 3D4D     		ldr	r5, .L68+16
 897 005c 06A9     		add	r1, sp, #24
 898 005e 2846     		mov	r0, r5
 899              	.LVL61:
 373:Src/stm32f1xx_hal_msp.c **** 
 900              		.loc 1 373 5 is_stmt 0 view .LVU208
 901 0060 FFF7FEFF 		bl	HAL_GPIO_Init
 902              	.LVL62:
 375:Src/stm32f1xx_hal_msp.c ****     GPIO_InitStruct.Mode = GPIO_MODE_INPUT;
 903              		.loc 1 375 5 is_stmt 1 view .LVU209
 375:Src/stm32f1xx_hal_msp.c ****     GPIO_InitStruct.Mode = GPIO_MODE_INPUT;
 904              		.loc 1 375 25 is_stmt 0 view .LVU210
 905 0064 4FF48063 		mov	r3, #1024
 906 0068 0693     		str	r3, [sp, #24]
 376:Src/stm32f1xx_hal_msp.c ****     GPIO_InitStruct.Pull = GPIO_NOPULL;
 907              		.loc 1 376 5 is_stmt 1 view .LVU211
 376:Src/stm32f1xx_hal_msp.c ****     GPIO_InitStruct.Pull = GPIO_NOPULL;
 908              		.loc 1 376 26 is_stmt 0 view .LVU212
 909 006a 0024     		movs	r4, #0
 910 006c 0794     		str	r4, [sp, #28]
 377:Src/stm32f1xx_hal_msp.c ****     HAL_GPIO_Init(GPIOA, &GPIO_InitStruct);
 911              		.loc 1 377 5 is_stmt 1 view .LVU213
 377:Src/stm32f1xx_hal_msp.c ****     HAL_GPIO_Init(GPIOA, &GPIO_InitStruct);
 912              		.loc 1 377 26 is_stmt 0 view .LVU214
 913 006e 0894     		str	r4, [sp, #32]
 378:Src/stm32f1xx_hal_msp.c **** 
 914              		.loc 1 378 5 is_stmt 1 view .LVU215
 915 0070 06A9     		add	r1, sp, #24
 916 0072 2846     		mov	r0, r5
 917 0074 FFF7FEFF 		bl	HAL_GPIO_Init
 918              	.LVL63:
 381:Src/stm32f1xx_hal_msp.c ****     HAL_NVIC_EnableIRQ(USART1_IRQn);
 919              		.loc 1 381 5 view .LVU216
 920 0078 2246     		mov	r2, r4
 921 007a 2146     		mov	r1, r4
 922 007c 2520     		movs	r0, #37
 923 007e FFF7FEFF 		bl	HAL_NVIC_SetPriority
 924              	.LVL64:
 382:Src/stm32f1xx_hal_msp.c ****   /* USER CODE BEGIN USART1_MspInit 1 */
 925              		.loc 1 382 5 view .LVU217
 926 0082 2520     		movs	r0, #37
 927 0084 FFF7FEFF 		bl	HAL_NVIC_EnableIRQ
 928              	.LVL65:
 929 0088 CBE7     		b	.L60
 930              	.LVL66:
 931              	.L66:
 393:Src/stm32f1xx_hal_msp.c ****   
 932              		.loc 1 393 5 view .LVU218
 933              	.LBB15:
 393:Src/stm32f1xx_hal_msp.c ****   
 934              		.loc 1 393 5 view .LVU219
 393:Src/stm32f1xx_hal_msp.c ****   
 935              		.loc 1 393 5 view .LVU220
 936 008a 304B     		ldr	r3, .L68+12
 937 008c DA69     		ldr	r2, [r3, #28]
 938 008e 42F40032 		orr	r2, r2, #131072
 939 0092 DA61     		str	r2, [r3, #28]
ARM GAS  C:\Users\User\AppData\Local\Temp\ccgEdNAd.s 			page 27


 393:Src/stm32f1xx_hal_msp.c ****   
 940              		.loc 1 393 5 view .LVU221
 941 0094 DA69     		ldr	r2, [r3, #28]
 942 0096 02F40032 		and	r2, r2, #131072
 943 009a 0292     		str	r2, [sp, #8]
 393:Src/stm32f1xx_hal_msp.c ****   
 944              		.loc 1 393 5 view .LVU222
 945 009c 029A     		ldr	r2, [sp, #8]
 946              	.LBE15:
 393:Src/stm32f1xx_hal_msp.c ****   
 947              		.loc 1 393 5 view .LVU223
 395:Src/stm32f1xx_hal_msp.c ****     /**USART2 GPIO Configuration    
 948              		.loc 1 395 5 view .LVU224
 949              	.LBB16:
 395:Src/stm32f1xx_hal_msp.c ****     /**USART2 GPIO Configuration    
 950              		.loc 1 395 5 view .LVU225
 395:Src/stm32f1xx_hal_msp.c ****     /**USART2 GPIO Configuration    
 951              		.loc 1 395 5 view .LVU226
 952 009e 9A69     		ldr	r2, [r3, #24]
 953 00a0 42F00402 		orr	r2, r2, #4
 954 00a4 9A61     		str	r2, [r3, #24]
 395:Src/stm32f1xx_hal_msp.c ****     /**USART2 GPIO Configuration    
 955              		.loc 1 395 5 view .LVU227
 956 00a6 9B69     		ldr	r3, [r3, #24]
 957 00a8 03F00403 		and	r3, r3, #4
 958 00ac 0393     		str	r3, [sp, #12]
 395:Src/stm32f1xx_hal_msp.c ****     /**USART2 GPIO Configuration    
 959              		.loc 1 395 5 view .LVU228
 960 00ae 039B     		ldr	r3, [sp, #12]
 961              	.LBE16:
 395:Src/stm32f1xx_hal_msp.c ****     /**USART2 GPIO Configuration    
 962              		.loc 1 395 5 view .LVU229
 400:Src/stm32f1xx_hal_msp.c ****     GPIO_InitStruct.Mode = GPIO_MODE_AF_PP;
 963              		.loc 1 400 5 view .LVU230
 400:Src/stm32f1xx_hal_msp.c ****     GPIO_InitStruct.Mode = GPIO_MODE_AF_PP;
 964              		.loc 1 400 25 is_stmt 0 view .LVU231
 965 00b0 0423     		movs	r3, #4
 966 00b2 0693     		str	r3, [sp, #24]
 401:Src/stm32f1xx_hal_msp.c ****     GPIO_InitStruct.Speed = GPIO_SPEED_FREQ_HIGH;
 967              		.loc 1 401 5 is_stmt 1 view .LVU232
 401:Src/stm32f1xx_hal_msp.c ****     GPIO_InitStruct.Speed = GPIO_SPEED_FREQ_HIGH;
 968              		.loc 1 401 26 is_stmt 0 view .LVU233
 969 00b4 0223     		movs	r3, #2
 970 00b6 0793     		str	r3, [sp, #28]
 402:Src/stm32f1xx_hal_msp.c ****     HAL_GPIO_Init(GPIOA, &GPIO_InitStruct);
 971              		.loc 1 402 5 is_stmt 1 view .LVU234
 402:Src/stm32f1xx_hal_msp.c ****     HAL_GPIO_Init(GPIOA, &GPIO_InitStruct);
 972              		.loc 1 402 27 is_stmt 0 view .LVU235
 973 00b8 0323     		movs	r3, #3
 974 00ba 0993     		str	r3, [sp, #36]
 403:Src/stm32f1xx_hal_msp.c **** 
 975              		.loc 1 403 5 is_stmt 1 view .LVU236
 976 00bc 244C     		ldr	r4, .L68+16
 977 00be 06A9     		add	r1, sp, #24
 978 00c0 2046     		mov	r0, r4
 979              	.LVL67:
 403:Src/stm32f1xx_hal_msp.c **** 
ARM GAS  C:\Users\User\AppData\Local\Temp\ccgEdNAd.s 			page 28


 980              		.loc 1 403 5 is_stmt 0 view .LVU237
 981 00c2 FFF7FEFF 		bl	HAL_GPIO_Init
 982              	.LVL68:
 405:Src/stm32f1xx_hal_msp.c ****     GPIO_InitStruct.Mode = GPIO_MODE_INPUT;
 983              		.loc 1 405 5 is_stmt 1 view .LVU238
 405:Src/stm32f1xx_hal_msp.c ****     GPIO_InitStruct.Mode = GPIO_MODE_INPUT;
 984              		.loc 1 405 25 is_stmt 0 view .LVU239
 985 00c6 0823     		movs	r3, #8
 986 00c8 0693     		str	r3, [sp, #24]
 406:Src/stm32f1xx_hal_msp.c ****     GPIO_InitStruct.Pull = GPIO_NOPULL;
 987              		.loc 1 406 5 is_stmt 1 view .LVU240
 406:Src/stm32f1xx_hal_msp.c ****     GPIO_InitStruct.Pull = GPIO_NOPULL;
 988              		.loc 1 406 26 is_stmt 0 view .LVU241
 989 00ca 0023     		movs	r3, #0
 990 00cc 0793     		str	r3, [sp, #28]
 407:Src/stm32f1xx_hal_msp.c ****     HAL_GPIO_Init(GPIOA, &GPIO_InitStruct);
 991              		.loc 1 407 5 is_stmt 1 view .LVU242
 407:Src/stm32f1xx_hal_msp.c ****     HAL_GPIO_Init(GPIOA, &GPIO_InitStruct);
 992              		.loc 1 407 26 is_stmt 0 view .LVU243
 993 00ce 0893     		str	r3, [sp, #32]
 408:Src/stm32f1xx_hal_msp.c **** 
 994              		.loc 1 408 5 is_stmt 1 view .LVU244
 995 00d0 06A9     		add	r1, sp, #24
 996 00d2 2046     		mov	r0, r4
 997 00d4 FFF7FEFF 		bl	HAL_GPIO_Init
 998              	.LVL69:
 999 00d8 A3E7     		b	.L60
 1000              	.LVL70:
 1001              	.L67:
 420:Src/stm32f1xx_hal_msp.c ****   
 1002              		.loc 1 420 5 view .LVU245
 1003              	.LBB17:
 420:Src/stm32f1xx_hal_msp.c ****   
 1004              		.loc 1 420 5 view .LVU246
 420:Src/stm32f1xx_hal_msp.c ****   
 1005              		.loc 1 420 5 view .LVU247
 1006 00da 1C4B     		ldr	r3, .L68+12
 1007 00dc DA69     		ldr	r2, [r3, #28]
 1008 00de 42F48022 		orr	r2, r2, #262144
 1009 00e2 DA61     		str	r2, [r3, #28]
 420:Src/stm32f1xx_hal_msp.c ****   
 1010              		.loc 1 420 5 view .LVU248
 1011 00e4 DA69     		ldr	r2, [r3, #28]
 1012 00e6 02F48022 		and	r2, r2, #262144
 1013 00ea 0492     		str	r2, [sp, #16]
 420:Src/stm32f1xx_hal_msp.c ****   
 1014              		.loc 1 420 5 view .LVU249
 1015 00ec 049A     		ldr	r2, [sp, #16]
 1016              	.LBE17:
 420:Src/stm32f1xx_hal_msp.c ****   
 1017              		.loc 1 420 5 view .LVU250
 422:Src/stm32f1xx_hal_msp.c ****     /**USART3 GPIO Configuration    
 1018              		.loc 1 422 5 view .LVU251
 1019              	.LBB18:
 422:Src/stm32f1xx_hal_msp.c ****     /**USART3 GPIO Configuration    
 1020              		.loc 1 422 5 view .LVU252
 422:Src/stm32f1xx_hal_msp.c ****     /**USART3 GPIO Configuration    
ARM GAS  C:\Users\User\AppData\Local\Temp\ccgEdNAd.s 			page 29


 1021              		.loc 1 422 5 view .LVU253
 1022 00ee 9A69     		ldr	r2, [r3, #24]
 1023 00f0 42F00802 		orr	r2, r2, #8
 1024 00f4 9A61     		str	r2, [r3, #24]
 422:Src/stm32f1xx_hal_msp.c ****     /**USART3 GPIO Configuration    
 1025              		.loc 1 422 5 view .LVU254
 1026 00f6 9B69     		ldr	r3, [r3, #24]
 1027 00f8 03F00803 		and	r3, r3, #8
 1028 00fc 0593     		str	r3, [sp, #20]
 422:Src/stm32f1xx_hal_msp.c ****     /**USART3 GPIO Configuration    
 1029              		.loc 1 422 5 view .LVU255
 1030 00fe 059B     		ldr	r3, [sp, #20]
 1031              	.LBE18:
 422:Src/stm32f1xx_hal_msp.c ****     /**USART3 GPIO Configuration    
 1032              		.loc 1 422 5 view .LVU256
 427:Src/stm32f1xx_hal_msp.c ****     GPIO_InitStruct.Mode = GPIO_MODE_AF_PP;
 1033              		.loc 1 427 5 view .LVU257
 427:Src/stm32f1xx_hal_msp.c ****     GPIO_InitStruct.Mode = GPIO_MODE_AF_PP;
 1034              		.loc 1 427 25 is_stmt 0 view .LVU258
 1035 0100 4FF48063 		mov	r3, #1024
 1036 0104 0693     		str	r3, [sp, #24]
 428:Src/stm32f1xx_hal_msp.c ****     GPIO_InitStruct.Speed = GPIO_SPEED_FREQ_HIGH;
 1037              		.loc 1 428 5 is_stmt 1 view .LVU259
 428:Src/stm32f1xx_hal_msp.c ****     GPIO_InitStruct.Speed = GPIO_SPEED_FREQ_HIGH;
 1038              		.loc 1 428 26 is_stmt 0 view .LVU260
 1039 0106 0223     		movs	r3, #2
 1040 0108 0793     		str	r3, [sp, #28]
 429:Src/stm32f1xx_hal_msp.c ****     HAL_GPIO_Init(GPIOB, &GPIO_InitStruct);
 1041              		.loc 1 429 5 is_stmt 1 view .LVU261
 429:Src/stm32f1xx_hal_msp.c ****     HAL_GPIO_Init(GPIOB, &GPIO_InitStruct);
 1042              		.loc 1 429 27 is_stmt 0 view .LVU262
 1043 010a 0323     		movs	r3, #3
 1044 010c 0993     		str	r3, [sp, #36]
 430:Src/stm32f1xx_hal_msp.c **** 
 1045              		.loc 1 430 5 is_stmt 1 view .LVU263
 1046 010e 114D     		ldr	r5, .L68+20
 1047 0110 06A9     		add	r1, sp, #24
 1048 0112 2846     		mov	r0, r5
 1049              	.LVL71:
 430:Src/stm32f1xx_hal_msp.c **** 
 1050              		.loc 1 430 5 is_stmt 0 view .LVU264
 1051 0114 FFF7FEFF 		bl	HAL_GPIO_Init
 1052              	.LVL72:
 432:Src/stm32f1xx_hal_msp.c ****     GPIO_InitStruct.Mode = GPIO_MODE_INPUT;
 1053              		.loc 1 432 5 is_stmt 1 view .LVU265
 432:Src/stm32f1xx_hal_msp.c ****     GPIO_InitStruct.Mode = GPIO_MODE_INPUT;
 1054              		.loc 1 432 25 is_stmt 0 view .LVU266
 1055 0118 4FF40063 		mov	r3, #2048
 1056 011c 0693     		str	r3, [sp, #24]
 433:Src/stm32f1xx_hal_msp.c ****     GPIO_InitStruct.Pull = GPIO_NOPULL;
 1057              		.loc 1 433 5 is_stmt 1 view .LVU267
 433:Src/stm32f1xx_hal_msp.c ****     GPIO_InitStruct.Pull = GPIO_NOPULL;
 1058              		.loc 1 433 26 is_stmt 0 view .LVU268
 1059 011e 0024     		movs	r4, #0
 1060 0120 0794     		str	r4, [sp, #28]
 434:Src/stm32f1xx_hal_msp.c ****     HAL_GPIO_Init(GPIOB, &GPIO_InitStruct);
 1061              		.loc 1 434 5 is_stmt 1 view .LVU269
ARM GAS  C:\Users\User\AppData\Local\Temp\ccgEdNAd.s 			page 30


 434:Src/stm32f1xx_hal_msp.c ****     HAL_GPIO_Init(GPIOB, &GPIO_InitStruct);
 1062              		.loc 1 434 26 is_stmt 0 view .LVU270
 1063 0122 0894     		str	r4, [sp, #32]
 435:Src/stm32f1xx_hal_msp.c **** 
 1064              		.loc 1 435 5 is_stmt 1 view .LVU271
 1065 0124 06A9     		add	r1, sp, #24
 1066 0126 2846     		mov	r0, r5
 1067 0128 FFF7FEFF 		bl	HAL_GPIO_Init
 1068              	.LVL73:
 438:Src/stm32f1xx_hal_msp.c ****     HAL_NVIC_EnableIRQ(USART3_IRQn);
 1069              		.loc 1 438 5 view .LVU272
 1070 012c 2246     		mov	r2, r4
 1071 012e 2146     		mov	r1, r4
 1072 0130 2720     		movs	r0, #39
 1073 0132 FFF7FEFF 		bl	HAL_NVIC_SetPriority
 1074              	.LVL74:
 439:Src/stm32f1xx_hal_msp.c ****   /* USER CODE BEGIN USART3_MspInit 1 */
 1075              		.loc 1 439 5 view .LVU273
 1076 0136 2720     		movs	r0, #39
 1077 0138 FFF7FEFF 		bl	HAL_NVIC_EnableIRQ
 1078              	.LVL75:
 1079              		.loc 1 445 1 is_stmt 0 view .LVU274
 1080 013c 71E7     		b	.L60
 1081              	.L69:
 1082 013e 00BF     		.align	2
 1083              	.L68:
 1084 0140 00380140 		.word	1073821696
 1085 0144 00440040 		.word	1073759232
 1086 0148 00480040 		.word	1073760256
 1087 014c 00100240 		.word	1073876992
 1088 0150 00080140 		.word	1073809408
 1089 0154 000C0140 		.word	1073810432
 1090              		.cfi_endproc
 1091              	.LFE77:
 1093              		.section	.text.HAL_UART_MspDeInit,"ax",%progbits
 1094              		.align	1
 1095              		.global	HAL_UART_MspDeInit
 1096              		.syntax unified
 1097              		.thumb
 1098              		.thumb_func
 1099              		.fpu softvfp
 1101              	HAL_UART_MspDeInit:
 1102              	.LVL76:
 1103              	.LFB78:
 446:Src/stm32f1xx_hal_msp.c **** 
 447:Src/stm32f1xx_hal_msp.c **** /**
 448:Src/stm32f1xx_hal_msp.c **** * @brief UART MSP De-Initialization
 449:Src/stm32f1xx_hal_msp.c **** * This function freeze the hardware resources used in this example
 450:Src/stm32f1xx_hal_msp.c **** * @param huart: UART handle pointer
 451:Src/stm32f1xx_hal_msp.c **** * @retval None
 452:Src/stm32f1xx_hal_msp.c **** */
 453:Src/stm32f1xx_hal_msp.c **** void HAL_UART_MspDeInit(UART_HandleTypeDef* huart)
 454:Src/stm32f1xx_hal_msp.c **** {
 1104              		.loc 1 454 1 is_stmt 1 view -0
 1105              		.cfi_startproc
 1106              		@ args = 0, pretend = 0, frame = 0
 1107              		@ frame_needed = 0, uses_anonymous_args = 0
ARM GAS  C:\Users\User\AppData\Local\Temp\ccgEdNAd.s 			page 31


 1108              		.loc 1 454 1 is_stmt 0 view .LVU276
 1109 0000 08B5     		push	{r3, lr}
 1110              	.LCFI25:
 1111              		.cfi_def_cfa_offset 8
 1112              		.cfi_offset 3, -8
 1113              		.cfi_offset 14, -4
 455:Src/stm32f1xx_hal_msp.c ****   if(huart->Instance==USART1)
 1114              		.loc 1 455 3 is_stmt 1 view .LVU277
 1115              		.loc 1 455 11 is_stmt 0 view .LVU278
 1116 0002 0368     		ldr	r3, [r0]
 1117              		.loc 1 455 5 view .LVU279
 1118 0004 194A     		ldr	r2, .L78
 1119 0006 9342     		cmp	r3, r2
 1120 0008 06D0     		beq	.L75
 456:Src/stm32f1xx_hal_msp.c ****   {
 457:Src/stm32f1xx_hal_msp.c ****   /* USER CODE BEGIN USART1_MspDeInit 0 */
 458:Src/stm32f1xx_hal_msp.c **** 
 459:Src/stm32f1xx_hal_msp.c ****   /* USER CODE END USART1_MspDeInit 0 */
 460:Src/stm32f1xx_hal_msp.c ****     /* Peripheral clock disable */
 461:Src/stm32f1xx_hal_msp.c ****     __HAL_RCC_USART1_CLK_DISABLE();
 462:Src/stm32f1xx_hal_msp.c ****   
 463:Src/stm32f1xx_hal_msp.c ****     /**USART1 GPIO Configuration    
 464:Src/stm32f1xx_hal_msp.c ****     PA9     ------> USART1_TX
 465:Src/stm32f1xx_hal_msp.c ****     PA10     ------> USART1_RX 
 466:Src/stm32f1xx_hal_msp.c ****     */
 467:Src/stm32f1xx_hal_msp.c ****     HAL_GPIO_DeInit(GPIOA, GPIO_PIN_9|GPIO_PIN_10);
 468:Src/stm32f1xx_hal_msp.c **** 
 469:Src/stm32f1xx_hal_msp.c ****     /* USART1 interrupt DeInit */
 470:Src/stm32f1xx_hal_msp.c ****     HAL_NVIC_DisableIRQ(USART1_IRQn);
 471:Src/stm32f1xx_hal_msp.c ****   /* USER CODE BEGIN USART1_MspDeInit 1 */
 472:Src/stm32f1xx_hal_msp.c **** 
 473:Src/stm32f1xx_hal_msp.c ****   /* USER CODE END USART1_MspDeInit 1 */
 474:Src/stm32f1xx_hal_msp.c ****   }
 475:Src/stm32f1xx_hal_msp.c ****   else if(huart->Instance==USART2)
 1121              		.loc 1 475 8 is_stmt 1 view .LVU280
 1122              		.loc 1 475 10 is_stmt 0 view .LVU281
 1123 000a 194A     		ldr	r2, .L78+4
 1124 000c 9342     		cmp	r3, r2
 1125 000e 12D0     		beq	.L76
 476:Src/stm32f1xx_hal_msp.c ****   {
 477:Src/stm32f1xx_hal_msp.c ****   /* USER CODE BEGIN USART2_MspDeInit 0 */
 478:Src/stm32f1xx_hal_msp.c **** 
 479:Src/stm32f1xx_hal_msp.c ****   /* USER CODE END USART2_MspDeInit 0 */
 480:Src/stm32f1xx_hal_msp.c ****     /* Peripheral clock disable */
 481:Src/stm32f1xx_hal_msp.c ****     __HAL_RCC_USART2_CLK_DISABLE();
 482:Src/stm32f1xx_hal_msp.c ****   
 483:Src/stm32f1xx_hal_msp.c ****     /**USART2 GPIO Configuration    
 484:Src/stm32f1xx_hal_msp.c ****     PA2     ------> USART2_TX
 485:Src/stm32f1xx_hal_msp.c ****     PA3     ------> USART2_RX 
 486:Src/stm32f1xx_hal_msp.c ****     */
 487:Src/stm32f1xx_hal_msp.c ****     HAL_GPIO_DeInit(GPIOA, GPIO_PIN_2|GPIO_PIN_3);
 488:Src/stm32f1xx_hal_msp.c **** 
 489:Src/stm32f1xx_hal_msp.c ****   /* USER CODE BEGIN USART2_MspDeInit 1 */
 490:Src/stm32f1xx_hal_msp.c **** 
 491:Src/stm32f1xx_hal_msp.c ****   /* USER CODE END USART2_MspDeInit 1 */
 492:Src/stm32f1xx_hal_msp.c ****   }
 493:Src/stm32f1xx_hal_msp.c ****   else if(huart->Instance==USART3)
ARM GAS  C:\Users\User\AppData\Local\Temp\ccgEdNAd.s 			page 32


 1126              		.loc 1 493 8 is_stmt 1 view .LVU282
 1127              		.loc 1 493 10 is_stmt 0 view .LVU283
 1128 0010 184A     		ldr	r2, .L78+8
 1129 0012 9342     		cmp	r3, r2
 1130 0014 1AD0     		beq	.L77
 1131              	.LVL77:
 1132              	.L70:
 494:Src/stm32f1xx_hal_msp.c ****   {
 495:Src/stm32f1xx_hal_msp.c ****   /* USER CODE BEGIN USART3_MspDeInit 0 */
 496:Src/stm32f1xx_hal_msp.c **** 
 497:Src/stm32f1xx_hal_msp.c ****   /* USER CODE END USART3_MspDeInit 0 */
 498:Src/stm32f1xx_hal_msp.c ****     /* Peripheral clock disable */
 499:Src/stm32f1xx_hal_msp.c ****     __HAL_RCC_USART3_CLK_DISABLE();
 500:Src/stm32f1xx_hal_msp.c ****   
 501:Src/stm32f1xx_hal_msp.c ****     /**USART3 GPIO Configuration    
 502:Src/stm32f1xx_hal_msp.c ****     PB10     ------> USART3_TX
 503:Src/stm32f1xx_hal_msp.c ****     PB11     ------> USART3_RX 
 504:Src/stm32f1xx_hal_msp.c ****     */
 505:Src/stm32f1xx_hal_msp.c ****     HAL_GPIO_DeInit(GPIOB, GPIO_PIN_10|GPIO_PIN_11);
 506:Src/stm32f1xx_hal_msp.c **** 
 507:Src/stm32f1xx_hal_msp.c ****     /* USART3 interrupt DeInit */
 508:Src/stm32f1xx_hal_msp.c ****     HAL_NVIC_DisableIRQ(USART3_IRQn);
 509:Src/stm32f1xx_hal_msp.c ****   /* USER CODE BEGIN USART3_MspDeInit 1 */
 510:Src/stm32f1xx_hal_msp.c **** 
 511:Src/stm32f1xx_hal_msp.c ****   /* USER CODE END USART3_MspDeInit 1 */
 512:Src/stm32f1xx_hal_msp.c ****   }
 513:Src/stm32f1xx_hal_msp.c **** 
 514:Src/stm32f1xx_hal_msp.c **** }
 1133              		.loc 1 514 1 view .LVU284
 1134 0016 08BD     		pop	{r3, pc}
 1135              	.LVL78:
 1136              	.L75:
 461:Src/stm32f1xx_hal_msp.c ****   
 1137              		.loc 1 461 5 is_stmt 1 view .LVU285
 1138 0018 02F55842 		add	r2, r2, #55296
 1139 001c 9369     		ldr	r3, [r2, #24]
 1140 001e 23F48043 		bic	r3, r3, #16384
 1141 0022 9361     		str	r3, [r2, #24]
 467:Src/stm32f1xx_hal_msp.c **** 
 1142              		.loc 1 467 5 view .LVU286
 1143 0024 4FF4C061 		mov	r1, #1536
 1144 0028 1348     		ldr	r0, .L78+12
 1145              	.LVL79:
 467:Src/stm32f1xx_hal_msp.c **** 
 1146              		.loc 1 467 5 is_stmt 0 view .LVU287
 1147 002a FFF7FEFF 		bl	HAL_GPIO_DeInit
 1148              	.LVL80:
 470:Src/stm32f1xx_hal_msp.c ****   /* USER CODE BEGIN USART1_MspDeInit 1 */
 1149              		.loc 1 470 5 is_stmt 1 view .LVU288
 1150 002e 2520     		movs	r0, #37
 1151 0030 FFF7FEFF 		bl	HAL_NVIC_DisableIRQ
 1152              	.LVL81:
 1153 0034 EFE7     		b	.L70
 1154              	.LVL82:
 1155              	.L76:
 481:Src/stm32f1xx_hal_msp.c ****   
 1156              		.loc 1 481 5 view .LVU289
ARM GAS  C:\Users\User\AppData\Local\Temp\ccgEdNAd.s 			page 33


 1157 0036 02F5E632 		add	r2, r2, #117760
 1158 003a D369     		ldr	r3, [r2, #28]
 1159 003c 23F40033 		bic	r3, r3, #131072
 1160 0040 D361     		str	r3, [r2, #28]
 487:Src/stm32f1xx_hal_msp.c **** 
 1161              		.loc 1 487 5 view .LVU290
 1162 0042 0C21     		movs	r1, #12
 1163 0044 0C48     		ldr	r0, .L78+12
 1164              	.LVL83:
 487:Src/stm32f1xx_hal_msp.c **** 
 1165              		.loc 1 487 5 is_stmt 0 view .LVU291
 1166 0046 FFF7FEFF 		bl	HAL_GPIO_DeInit
 1167              	.LVL84:
 1168 004a E4E7     		b	.L70
 1169              	.LVL85:
 1170              	.L77:
 499:Src/stm32f1xx_hal_msp.c ****   
 1171              		.loc 1 499 5 is_stmt 1 view .LVU292
 1172 004c 02F5E432 		add	r2, r2, #116736
 1173 0050 D369     		ldr	r3, [r2, #28]
 1174 0052 23F48023 		bic	r3, r3, #262144
 1175 0056 D361     		str	r3, [r2, #28]
 505:Src/stm32f1xx_hal_msp.c **** 
 1176              		.loc 1 505 5 view .LVU293
 1177 0058 4FF44061 		mov	r1, #3072
 1178 005c 0748     		ldr	r0, .L78+16
 1179              	.LVL86:
 505:Src/stm32f1xx_hal_msp.c **** 
 1180              		.loc 1 505 5 is_stmt 0 view .LVU294
 1181 005e FFF7FEFF 		bl	HAL_GPIO_DeInit
 1182              	.LVL87:
 508:Src/stm32f1xx_hal_msp.c ****   /* USER CODE BEGIN USART3_MspDeInit 1 */
 1183              		.loc 1 508 5 is_stmt 1 view .LVU295
 1184 0062 2720     		movs	r0, #39
 1185 0064 FFF7FEFF 		bl	HAL_NVIC_DisableIRQ
 1186              	.LVL88:
 1187              		.loc 1 514 1 is_stmt 0 view .LVU296
 1188 0068 D5E7     		b	.L70
 1189              	.L79:
 1190 006a 00BF     		.align	2
 1191              	.L78:
 1192 006c 00380140 		.word	1073821696
 1193 0070 00440040 		.word	1073759232
 1194 0074 00480040 		.word	1073760256
 1195 0078 00080140 		.word	1073809408
 1196 007c 000C0140 		.word	1073810432
 1197              		.cfi_endproc
 1198              	.LFE78:
 1200              		.text
 1201              	.Letext0:
 1202              		.file 2 "c:\\users\\user\\.vscode\\extensions\\buzzyelectronics.stm-helper-1.2.9\\armgcc\\arm-none
 1203              		.file 3 "c:\\users\\user\\.vscode\\extensions\\buzzyelectronics.stm-helper-1.2.9\\armgcc\\arm-none
 1204              		.file 4 "Drivers/CMSIS/Include/core_cm3.h"
 1205              		.file 5 "Drivers/CMSIS/Device/ST/STM32F1xx/Include/system_stm32f1xx.h"
 1206              		.file 6 "Drivers/CMSIS/Device/ST/STM32F1xx/Include/stm32f103xb.h"
 1207              		.file 7 "Drivers/CMSIS/Device/ST/STM32F1xx/Include/stm32f1xx.h"
 1208              		.file 8 "Drivers/STM32F1xx_HAL_Driver/Inc/stm32f1xx_hal_def.h"
ARM GAS  C:\Users\User\AppData\Local\Temp\ccgEdNAd.s 			page 34


 1209              		.file 9 "Drivers/STM32F1xx_HAL_Driver/Inc/stm32f1xx_hal_gpio.h"
 1210              		.file 10 "Drivers/STM32F1xx_HAL_Driver/Inc/stm32f1xx_hal_dma.h"
 1211              		.file 11 "Drivers/STM32F1xx_HAL_Driver/Inc/stm32f1xx_hal_i2c.h"
 1212              		.file 12 "Drivers/STM32F1xx_HAL_Driver/Inc/stm32f1xx_hal_rtc.h"
 1213              		.file 13 "Drivers/STM32F1xx_HAL_Driver/Inc/stm32f1xx_hal_tim.h"
 1214              		.file 14 "Drivers/STM32F1xx_HAL_Driver/Inc/stm32f1xx_hal_uart.h"
 1215              		.file 15 "Drivers/STM32F1xx_HAL_Driver/Inc/stm32f1xx_hal.h"
 1216              		.file 16 "c:\\users\\user\\.vscode\\extensions\\buzzyelectronics.stm-helper-1.2.9\\armgcc\\arm-non
 1217              		.file 17 "c:\\users\\user\\.vscode\\extensions\\buzzyelectronics.stm-helper-1.2.9\\armgcc\\arm-non
 1218              		.file 18 "c:\\users\\user\\.vscode\\extensions\\buzzyelectronics.stm-helper-1.2.9\\armgcc\\lib\\gc
 1219              		.file 19 "c:\\users\\user\\.vscode\\extensions\\buzzyelectronics.stm-helper-1.2.9\\armgcc\\arm-non
 1220              		.file 20 "c:\\users\\user\\.vscode\\extensions\\buzzyelectronics.stm-helper-1.2.9\\armgcc\\arm-non
 1221              		.file 21 "Drivers/STM32F1xx_HAL_Driver/Inc/stm32f1xx_hal_cortex.h"
 1222              		.file 22 "Drivers/STM32F1xx_HAL_Driver/Inc/stm32f1xx_hal_pwr.h"
ARM GAS  C:\Users\User\AppData\Local\Temp\ccgEdNAd.s 			page 35


DEFINED SYMBOLS
                            *ABS*:0000000000000000 stm32f1xx_hal_msp.c
C:\Users\User\AppData\Local\Temp\ccgEdNAd.s:16     .text.HAL_MspInit:0000000000000000 $t
C:\Users\User\AppData\Local\Temp\ccgEdNAd.s:24     .text.HAL_MspInit:0000000000000000 HAL_MspInit
C:\Users\User\AppData\Local\Temp\ccgEdNAd.s:91     .text.HAL_MspInit:000000000000003c $d
C:\Users\User\AppData\Local\Temp\ccgEdNAd.s:97     .text.HAL_I2C_MspInit:0000000000000000 $t
C:\Users\User\AppData\Local\Temp\ccgEdNAd.s:104    .text.HAL_I2C_MspInit:0000000000000000 HAL_I2C_MspInit
C:\Users\User\AppData\Local\Temp\ccgEdNAd.s:222    .text.HAL_I2C_MspInit:0000000000000068 $d
C:\Users\User\AppData\Local\Temp\ccgEdNAd.s:230    .text.HAL_I2C_MspDeInit:0000000000000000 $t
C:\Users\User\AppData\Local\Temp\ccgEdNAd.s:237    .text.HAL_I2C_MspDeInit:0000000000000000 HAL_I2C_MspDeInit
C:\Users\User\AppData\Local\Temp\ccgEdNAd.s:280    .text.HAL_I2C_MspDeInit:0000000000000024 $d
C:\Users\User\AppData\Local\Temp\ccgEdNAd.s:287    .text.HAL_RTC_MspInit:0000000000000000 $t
C:\Users\User\AppData\Local\Temp\ccgEdNAd.s:294    .text.HAL_RTC_MspInit:0000000000000000 HAL_RTC_MspInit
C:\Users\User\AppData\Local\Temp\ccgEdNAd.s:360    .text.HAL_RTC_MspInit:0000000000000044 $d
C:\Users\User\AppData\Local\Temp\ccgEdNAd.s:367    .text.HAL_RTC_MspDeInit:0000000000000000 $t
C:\Users\User\AppData\Local\Temp\ccgEdNAd.s:374    .text.HAL_RTC_MspDeInit:0000000000000000 HAL_RTC_MspDeInit
C:\Users\User\AppData\Local\Temp\ccgEdNAd.s:415    .text.HAL_RTC_MspDeInit:000000000000001c $d
C:\Users\User\AppData\Local\Temp\ccgEdNAd.s:421    .text.HAL_TIM_Encoder_MspInit:0000000000000000 $t
C:\Users\User\AppData\Local\Temp\ccgEdNAd.s:428    .text.HAL_TIM_Encoder_MspInit:0000000000000000 HAL_TIM_Encoder_MspInit
C:\Users\User\AppData\Local\Temp\ccgEdNAd.s:535    .text.HAL_TIM_Encoder_MspInit:0000000000000068 $d
C:\Users\User\AppData\Local\Temp\ccgEdNAd.s:540    .text.HAL_TIM_Base_MspInit:0000000000000000 $t
C:\Users\User\AppData\Local\Temp\ccgEdNAd.s:547    .text.HAL_TIM_Base_MspInit:0000000000000000 HAL_TIM_Base_MspInit
C:\Users\User\AppData\Local\Temp\ccgEdNAd.s:651    .text.HAL_TIM_Base_MspInit:0000000000000064 $d
C:\Users\User\AppData\Local\Temp\ccgEdNAd.s:658    .text.HAL_TIM_Encoder_MspDeInit:0000000000000000 $t
C:\Users\User\AppData\Local\Temp\ccgEdNAd.s:665    .text.HAL_TIM_Encoder_MspDeInit:0000000000000000 HAL_TIM_Encoder_MspDeInit
C:\Users\User\AppData\Local\Temp\ccgEdNAd.s:711    .text.HAL_TIM_Encoder_MspDeInit:0000000000000028 $d
C:\Users\User\AppData\Local\Temp\ccgEdNAd.s:717    .text.HAL_TIM_Base_MspDeInit:0000000000000000 $t
C:\Users\User\AppData\Local\Temp\ccgEdNAd.s:724    .text.HAL_TIM_Base_MspDeInit:0000000000000000 HAL_TIM_Base_MspDeInit
C:\Users\User\AppData\Local\Temp\ccgEdNAd.s:785    .text.HAL_TIM_Base_MspDeInit:000000000000003c $d
C:\Users\User\AppData\Local\Temp\ccgEdNAd.s:791    .text.HAL_UART_MspInit:0000000000000000 $t
C:\Users\User\AppData\Local\Temp\ccgEdNAd.s:798    .text.HAL_UART_MspInit:0000000000000000 HAL_UART_MspInit
C:\Users\User\AppData\Local\Temp\ccgEdNAd.s:1084   .text.HAL_UART_MspInit:0000000000000140 $d
C:\Users\User\AppData\Local\Temp\ccgEdNAd.s:1094   .text.HAL_UART_MspDeInit:0000000000000000 $t
C:\Users\User\AppData\Local\Temp\ccgEdNAd.s:1101   .text.HAL_UART_MspDeInit:0000000000000000 HAL_UART_MspDeInit
C:\Users\User\AppData\Local\Temp\ccgEdNAd.s:1192   .text.HAL_UART_MspDeInit:000000000000006c $d

UNDEFINED SYMBOLS
HAL_GPIO_Init
HAL_GPIO_DeInit
HAL_PWR_EnableBkUpAccess
HAL_NVIC_SetPriority
HAL_NVIC_EnableIRQ
HAL_NVIC_DisableIRQ
